2020-08-31 22:59:37 INFO  PluginTasksProjectComponent.projectOpened(77) - ---------- Project opened ----------
2020-08-31 22:59:37 INFO  PluginTasksProjectComponent.projectOpened(78) - ---------- Version 3.41 ----------

2020-08-31 22:59:37 INFO  PluginTasksProjectComponent.setAutoscrolls(366) - Autoscrolls successfully set
2020-08-31 22:59:37 INFO  ApacheHttpClient.isSessionAppropriateWithSecretKey(581) - The session is not set in the property file.
2020-08-31 22:59:37 INFO  ApacheHttpClient.login(247) - Waiting for server response.
2020-08-31 22:59:37 INFO  ApacheHttpClient.login(251) - responseCode = 200
2020-08-31 22:59:37 INFO  ApacheHttpClient.login(274) - JSESSIONID OK
2020-08-31 22:59:37 INFO  ApacheHttpClient.refreshUserInfo(302) - responseCode = 200
2020-08-31 22:59:37 INFO  ApacheHttpClient.refreshUserInfo(308) - User information received.
2020-08-31 22:59:37 INFO  ApacheHttpClient.startGA(35) - GAService started.
2020-08-31 22:59:37 INFO  AbstractRestApiClient.startService(71) - EventsService started.
2020-08-31 22:59:53 INFO  PluginTasksProjectComponent.projectClosing(188) - ---------- Project closed ----------

2020-08-31 23:01:37 INFO  PluginTasksProjectComponent.projectOpened(77) - ---------- Project opened ----------
2020-08-31 23:01:37 INFO  PluginTasksProjectComponent.projectOpened(78) - ---------- Version 3.41 ----------

2020-08-31 23:01:37 INFO  PluginTasksProjectComponent.setAutoscrolls(366) - Autoscrolls successfully set
2020-08-31 23:01:37 INFO  ApacheHttpClient.isSessionAppropriateWithSecretKey(594) - Waiting for server response.
2020-08-31 23:01:37 INFO  ApacheHttpClient.refreshUserInfo(302) - responseCode = 200
2020-08-31 23:01:37 INFO  ApacheHttpClient.refreshUserInfo(308) - User information received.
2020-08-31 23:01:37 INFO  ApacheHttpClient.startGA(35) - GAService started.
2020-08-31 23:01:37 INFO  AbstractRestApiClient.startService(71) - EventsService started.
2020-08-31 23:01:48 INFO  ApacheHttpClient.getWebResourceAsStream(494) - responseCode = 200
2020-08-31 23:01:56 WARN  PluginUtil.chooseTasksFolder(450) - No folder selected for the project!
2020-08-31 23:02:05 INFO  PluginTasksProjectComponent.projectClosing(188) - ---------- Project closed ----------

2020-08-31 23:02:35 INFO  PluginTasksProjectComponent.projectOpened(77) - ---------- Project opened ----------
2020-08-31 23:02:35 INFO  PluginTasksProjectComponent.projectOpened(78) - ---------- Version 3.41 ----------

2020-08-31 23:02:35 INFO  ApacheHttpClient.createAsyncHttpClient(143) - 1 proxies selected. Type: DIRECT
2020-08-31 23:02:35 INFO  ApacheHttpClient.<init>(94) - ApacheHttpClient was successfully instantiated.
2020-08-31 23:02:36 INFO  ApacheHttpClient.testConnection(202) - responseCode = 200
2020-08-31 23:02:36 INFO  ApacheHttpClient.testConnection(217) - result = true
2020-08-31 23:02:36 INFO  ApacheHttpClient.isSessionAppropriateWithSecretKey(594) - Waiting for server response.
2020-08-31 23:02:36 INFO  ApacheHttpClient.isSessionAppropriateWithSecretKey(594) - Waiting for server response.
2020-08-31 23:02:36 INFO  ApacheHttpClient.refreshUserInfo(302) - responseCode = 200
2020-08-31 23:02:36 INFO  ApacheHttpClient.refreshUserInfo(308) - User information received.
2020-08-31 23:02:36 INFO  ApacheHttpClient.startGA(35) - GAService started.
2020-08-31 23:02:36 INFO  AbstractRestApiClient.startService(71) - EventsService started.
2020-08-31 23:03:36 INFO  ApacheHttpClient.sendEvent(527) - responseCode = 200
2020-08-31 23:04:36 INFO  ApacheHttpClient.sendEvent(527) - responseCode = 200
2020-08-31 23:05:36 INFO  ApacheHttpClient.sendEvent(527) - responseCode = 200
2020-08-31 23:06:36 INFO  ApacheHttpClient.sendEvent(527) - responseCode = 200
2020-08-31 23:07:36 INFO  ApacheHttpClient.sendEvent(527) - responseCode = 200
2020-08-31 23:08:36 INFO  ApacheHttpClient.sendEvent(527) - responseCode = 200
2020-08-31 23:09:36 INFO  ApacheHttpClient.sendEvent(527) - responseCode = 200
2020-09-01 11:13:00 ERROR ApacheHttpClient.processExceptionSendEvent(109) - (super) : Error while sending the event to the server.
2020-09-01 11:13:00 INFO  ApacheHttpClient.sendEvent(527) - responseCode = 200
2020-09-01 11:13:00 INFO  ApacheHttpClient.sendEvent(527) - responseCode = 200
2020-09-01 11:13:00 INFO  ApacheHttpClient.sendEvent(527) - responseCode = 200
2020-09-01 11:13:00 INFO  ApacheHttpClient.sendEvent(527) - responseCode = 200
2020-09-01 11:13:00 INFO  ApacheHttpClient.sendEvent(527) - responseCode = 200
2020-09-01 11:13:01 INFO  ApacheHttpClient.sendEvent(527) - responseCode = 200
2020-09-01 11:13:01 INFO  ApacheHttpClient.sendEvent(527) - responseCode = 200
2020-09-01 11:13:01 INFO  ApacheHttpClient.sendEvent(527) - responseCode = 200
2020-09-01 11:13:01 INFO  ApacheHttpClient.sendEvent(527) - responseCode = 200
2020-09-01 11:13:01 INFO  ApacheHttpClient.sendEvent(527) - responseCode = 200
2020-09-01 11:13:01 INFO  ApacheHttpClient.sendEvent(527) - responseCode = 200
2020-09-01 11:13:01 INFO  ApacheHttpClient.sendEvent(527) - responseCode = 200
2020-09-01 11:13:01 INFO  ApacheHttpClient.sendEvent(527) - responseCode = 200
2020-09-01 11:13:01 INFO  ApacheHttpClient.sendEvent(527) - responseCode = 200
2020-09-01 11:13:01 INFO  ApacheHttpClient.sendEvent(527) - responseCode = 200
2020-09-01 11:13:01 INFO  ApacheHttpClient.sendEvent(527) - responseCode = 200
2020-09-01 11:13:01 INFO  ApacheHttpClient.sendEvent(527) - responseCode = 200
2020-09-01 11:13:01 INFO  ApacheHttpClient.sendEvent(527) - responseCode = 200
2020-09-01 11:13:01 INFO  ApacheHttpClient.sendEvent(527) - responseCode = 200
2020-09-01 11:13:01 INFO  ApacheHttpClient.sendEvent(527) - responseCode = 200
2020-09-01 11:13:01 INFO  ApacheHttpClient.sendEvent(527) - responseCode = 200
2020-09-01 11:13:01 INFO  ApacheHttpClient.sendEvent(527) - responseCode = 200
2020-09-01 11:13:02 INFO  ApacheHttpClient.sendEvent(527) - responseCode = 200
2020-09-01 11:13:02 INFO  ApacheHttpClient.sendEvent(527) - responseCode = 200
2020-09-01 11:13:02 INFO  ApacheHttpClient.sendEvent(527) - responseCode = 200
2020-09-01 11:13:02 INFO  ApacheHttpClient.sendEvent(527) - responseCode = 200
2020-09-01 11:13:02 INFO  ApacheHttpClient.sendEvent(527) - responseCode = 200
2020-09-01 11:13:02 INFO  ApacheHttpClient.sendEvent(527) - responseCode = 200
2020-09-01 11:13:02 INFO  ApacheHttpClient.sendEvent(527) - responseCode = 200
2020-09-01 11:13:02 INFO  ApacheHttpClient.sendEvent(527) - responseCode = 200
2020-09-01 11:13:02 INFO  ApacheHttpClient.sendEvent(527) - responseCode = 200
2020-09-01 11:13:02 INFO  ApacheHttpClient.sendEvent(527) - responseCode = 200
2020-09-01 11:13:02 INFO  ApacheHttpClient.sendEvent(527) - responseCode = 200
2020-09-01 11:13:02 INFO  ApacheHttpClient.sendEvent(527) - responseCode = 200
2020-09-01 11:13:02 INFO  ApacheHttpClient.sendEvent(527) - responseCode = 200
2020-09-01 11:13:02 INFO  ApacheHttpClient.sendEvent(527) - responseCode = 200
2020-09-01 11:13:02 INFO  ApacheHttpClient.sendEvent(527) - responseCode = 200
2020-09-01 11:13:02 INFO  ApacheHttpClient.sendEvent(527) - responseCode = 200
2020-09-01 11:13:02 INFO  ApacheHttpClient.sendEvent(527) - responseCode = 200
2020-09-01 11:13:02 INFO  ApacheHttpClient.sendEvent(527) - responseCode = 200
2020-09-01 11:13:03 INFO  ApacheHttpClient.sendEvent(527) - responseCode = 200
2020-09-01 11:13:03 INFO  ApacheHttpClient.sendEvent(527) - responseCode = 200
2020-09-01 11:13:03 INFO  ApacheHttpClient.sendEvent(527) - responseCode = 200
2020-09-01 11:13:03 INFO  ApacheHttpClient.sendEvent(527) - responseCode = 200
2020-09-01 11:13:03 INFO  ApacheHttpClient.sendEvent(527) - responseCode = 200
2020-09-01 11:13:03 INFO  ApacheHttpClient.sendEvent(527) - responseCode = 200
2020-09-01 11:13:03 INFO  ApacheHttpClient.sendEvent(527) - responseCode = 200
2020-09-01 11:13:03 INFO  ApacheHttpClient.sendEvent(527) - responseCode = 200
2020-09-01 11:13:03 INFO  ApacheHttpClient.sendEvent(527) - responseCode = 200
2020-09-01 11:13:03 INFO  ApacheHttpClient.sendEvent(527) - responseCode = 200
2020-09-01 11:13:03 INFO  ApacheHttpClient.sendEvent(527) - responseCode = 200
2020-09-01 11:13:03 INFO  ApacheHttpClient.sendEvent(527) - responseCode = 200
2020-09-01 11:13:03 INFO  ApacheHttpClient.sendEvent(527) - responseCode = 200
2020-09-01 11:13:03 INFO  ApacheHttpClient.sendEvent(527) - responseCode = 200
2020-09-01 11:13:03 INFO  ApacheHttpClient.sendEvent(527) - responseCode = 200
2020-09-01 11:13:03 INFO  ApacheHttpClient.sendEvent(527) - responseCode = 200
2020-09-01 11:13:03 INFO  ApacheHttpClient.sendEvent(527) - responseCode = 200
2020-09-01 11:13:03 INFO  ApacheHttpClient.sendEvent(527) - responseCode = 200
2020-09-01 11:13:03 INFO  ApacheHttpClient.sendEvent(527) - responseCode = 200
2020-09-01 11:13:03 INFO  ApacheHttpClient.sendEvent(527) - responseCode = 200
2020-09-01 11:13:04 INFO  ApacheHttpClient.sendEvent(527) - responseCode = 200
2020-09-01 11:13:04 INFO  ApacheHttpClient.sendEvent(527) - responseCode = 200
2020-09-01 11:13:04 INFO  ApacheHttpClient.sendEvent(527) - responseCode = 200
2020-09-01 11:13:04 INFO  ApacheHttpClient.sendEvent(527) - responseCode = 200
2020-09-01 11:13:04 INFO  ApacheHttpClient.sendEvent(527) - responseCode = 200
2020-09-01 11:13:04 INFO  ApacheHttpClient.sendEvent(527) - responseCode = 200
2020-09-01 11:13:04 INFO  ApacheHttpClient.sendEvent(527) - responseCode = 200
2020-09-01 11:13:04 INFO  ApacheHttpClient.sendEvent(527) - responseCode = 200
2020-09-01 11:13:04 INFO  ApacheHttpClient.sendEvent(527) - responseCode = 200
2020-09-01 11:13:04 INFO  ApacheHttpClient.sendEvent(527) - responseCode = 200
2020-09-01 11:13:04 INFO  ApacheHttpClient.sendEvent(527) - responseCode = 200
2020-09-01 11:13:04 INFO  ApacheHttpClient.sendEvent(527) - responseCode = 200
2020-09-01 11:13:04 INFO  ApacheHttpClient.sendEvent(527) - responseCode = 200
2020-09-01 11:13:04 INFO  ApacheHttpClient.sendEvent(527) - responseCode = 200
2020-09-01 11:13:04 INFO  ApacheHttpClient.sendEvent(527) - responseCode = 200
2020-09-01 11:13:04 INFO  ApacheHttpClient.sendEvent(527) - responseCode = 200
2020-09-01 11:13:04 INFO  ApacheHttpClient.sendEvent(527) - responseCode = 200
2020-09-01 11:13:04 INFO  ApacheHttpClient.sendEvent(527) - responseCode = 200
2020-09-01 11:13:04 INFO  ApacheHttpClient.sendEvent(527) - responseCode = 200
2020-09-01 11:13:04 INFO  ApacheHttpClient.sendEvent(527) - responseCode = 200
2020-09-01 11:13:05 INFO  ApacheHttpClient.sendEvent(527) - responseCode = 200
2020-09-01 11:13:05 INFO  ApacheHttpClient.sendEvent(527) - responseCode = 200
2020-09-01 11:13:05 INFO  ApacheHttpClient.sendEvent(527) - responseCode = 200
2020-09-01 11:13:05 INFO  ApacheHttpClient.sendEvent(527) - responseCode = 200
2020-09-01 11:13:05 INFO  ApacheHttpClient.sendEvent(527) - responseCode = 200
2020-09-01 11:13:05 INFO  ApacheHttpClient.sendEvent(527) - responseCode = 200
2020-09-01 11:13:05 INFO  ApacheHttpClient.sendEvent(527) - responseCode = 200
2020-09-01 11:13:05 INFO  ApacheHttpClient.sendEvent(527) - responseCode = 200
2020-09-01 11:13:05 INFO  ApacheHttpClient.sendEvent(527) - responseCode = 200
2020-09-01 11:13:05 INFO  ApacheHttpClient.sendEvent(527) - responseCode = 200
2020-09-01 11:13:05 INFO  ApacheHttpClient.sendEvent(527) - responseCode = 200
2020-09-01 11:13:05 INFO  ApacheHttpClient.sendEvent(527) - responseCode = 200
2020-09-01 11:13:06 INFO  ApacheHttpClient.sendEvent(527) - responseCode = 200
2020-09-01 11:13:06 INFO  ApacheHttpClient.sendEvent(527) - responseCode = 200
2020-09-01 11:13:06 INFO  ApacheHttpClient.sendEvent(527) - responseCode = 200
2020-09-01 11:13:06 INFO  ApacheHttpClient.sendEvent(527) - responseCode = 200
2020-09-01 11:13:06 INFO  ApacheHttpClient.sendEvent(527) - responseCode = 200
2020-09-01 11:13:06 INFO  ApacheHttpClient.sendEvent(527) - responseCode = 200
2020-09-01 11:13:06 INFO  ApacheHttpClient.sendEvent(527) - responseCode = 200
2020-09-01 11:13:06 INFO  ApacheHttpClient.sendEvent(527) - responseCode = 200
2020-09-01 11:13:06 INFO  ApacheHttpClient.sendEvent(527) - responseCode = 200
2020-09-01 11:13:06 INFO  ApacheHttpClient.sendEvent(527) - responseCode = 200
2020-09-01 11:13:06 INFO  ApacheHttpClient.sendEvent(527) - responseCode = 200
2020-09-01 11:13:06 INFO  ApacheHttpClient.sendEvent(527) - responseCode = 200
2020-09-01 11:13:06 INFO  ApacheHttpClient.sendEvent(527) - responseCode = 200
2020-09-01 11:13:06 INFO  ApacheHttpClient.sendEvent(527) - responseCode = 200
2020-09-01 11:13:06 INFO  ApacheHttpClient.sendEvent(527) - responseCode = 200
2020-09-01 11:13:06 INFO  ApacheHttpClient.sendEvent(527) - responseCode = 200
2020-09-01 11:13:06 INFO  ApacheHttpClient.sendEvent(527) - responseCode = 200
2020-09-01 11:13:06 INFO  ApacheHttpClient.sendEvent(527) - responseCode = 200
2020-09-01 11:13:06 INFO  ApacheHttpClient.sendEvent(527) - responseCode = 200
2020-09-01 11:13:06 INFO  ApacheHttpClient.sendEvent(527) - responseCode = 200
2020-09-01 11:13:07 INFO  ApacheHttpClient.sendEvent(527) - responseCode = 200
2020-09-01 11:13:07 INFO  ApacheHttpClient.sendEvent(527) - responseCode = 200
2020-09-01 11:13:07 INFO  ApacheHttpClient.sendEvent(527) - responseCode = 200
2020-09-01 11:13:07 INFO  ApacheHttpClient.sendEvent(527) - responseCode = 200
2020-09-01 11:13:07 INFO  ApacheHttpClient.sendEvent(527) - responseCode = 200
2020-09-01 11:13:07 INFO  ApacheHttpClient.sendEvent(527) - responseCode = 200
2020-09-01 11:13:07 INFO  ApacheHttpClient.sendEvent(527) - responseCode = 200
2020-09-01 11:13:07 INFO  ApacheHttpClient.sendEvent(527) - responseCode = 200
2020-09-01 11:13:07 INFO  ApacheHttpClient.sendEvent(527) - responseCode = 200
2020-09-01 11:13:07 INFO  ApacheHttpClient.sendEvent(527) - responseCode = 200
2020-09-01 11:13:07 INFO  ApacheHttpClient.sendEvent(527) - responseCode = 200
2020-09-01 11:13:07 INFO  ApacheHttpClient.sendEvent(527) - responseCode = 200
2020-09-01 11:13:07 INFO  ApacheHttpClient.sendEvent(527) - responseCode = 200
2020-09-01 11:13:07 INFO  ApacheHttpClient.sendEvent(527) - responseCode = 200
2020-09-01 11:13:07 INFO  ApacheHttpClient.sendEvent(527) - responseCode = 200
2020-09-01 11:13:07 INFO  ApacheHttpClient.sendEvent(527) - responseCode = 200
2020-09-01 11:13:07 INFO  ApacheHttpClient.sendEvent(527) - responseCode = 200
2020-09-01 11:13:07 INFO  ApacheHttpClient.sendEvent(527) - responseCode = 200
2020-09-01 11:13:07 INFO  ApacheHttpClient.sendEvent(527) - responseCode = 200
2020-09-01 11:13:08 INFO  ApacheHttpClient.sendEvent(527) - responseCode = 200
2020-09-01 11:13:08 INFO  ApacheHttpClient.sendEvent(527) - responseCode = 200
2020-09-01 11:13:08 INFO  ApacheHttpClient.sendEvent(527) - responseCode = 200
2020-09-01 11:13:08 INFO  ApacheHttpClient.sendEvent(527) - responseCode = 200
2020-09-01 11:13:08 INFO  ApacheHttpClient.sendEvent(527) - responseCode = 200
2020-09-01 11:13:08 INFO  ApacheHttpClient.sendEvent(527) - responseCode = 200
2020-09-01 11:13:08 INFO  ApacheHttpClient.sendEvent(527) - responseCode = 200
2020-09-01 11:13:08 INFO  ApacheHttpClient.sendEvent(527) - responseCode = 200
2020-09-01 11:13:08 INFO  ApacheHttpClient.sendEvent(527) - responseCode = 200
2020-09-01 11:13:08 INFO  ApacheHttpClient.sendEvent(527) - responseCode = 200
2020-09-01 11:13:08 INFO  ApacheHttpClient.sendEvent(527) - responseCode = 200
2020-09-01 11:13:08 INFO  ApacheHttpClient.sendEvent(527) - responseCode = 200
2020-09-01 11:13:08 INFO  ApacheHttpClient.sendEvent(527) - responseCode = 200
2020-09-01 11:13:08 INFO  ApacheHttpClient.sendEvent(527) - responseCode = 200
2020-09-01 11:13:08 INFO  ApacheHttpClient.sendEvent(527) - responseCode = 200
2020-09-01 11:13:08 INFO  ApacheHttpClient.sendEvent(527) - responseCode = 200
2020-09-01 11:13:08 INFO  ApacheHttpClient.sendEvent(527) - responseCode = 200
2020-09-01 11:13:08 INFO  ApacheHttpClient.sendEvent(527) - responseCode = 200
2020-09-01 11:13:08 INFO  ApacheHttpClient.sendEvent(527) - responseCode = 200
2020-09-01 11:13:08 INFO  ApacheHttpClient.sendEvent(527) - responseCode = 200
2020-09-01 11:13:09 INFO  ApacheHttpClient.sendEvent(527) - responseCode = 200
2020-09-01 11:13:09 INFO  ApacheHttpClient.sendEvent(527) - responseCode = 200
2020-09-01 11:13:09 INFO  ApacheHttpClient.sendEvent(527) - responseCode = 200
2020-09-01 11:13:09 INFO  ApacheHttpClient.sendEvent(527) - responseCode = 200
2020-09-01 11:13:09 INFO  ApacheHttpClient.sendEvent(527) - responseCode = 200
2020-09-01 11:13:09 INFO  ApacheHttpClient.sendEvent(527) - responseCode = 200
2020-09-01 11:13:09 INFO  ApacheHttpClient.sendEvent(527) - responseCode = 200
2020-09-01 11:13:09 INFO  ApacheHttpClient.sendEvent(527) - responseCode = 200
2020-09-01 11:13:09 INFO  ApacheHttpClient.sendEvent(527) - responseCode = 200
2020-09-01 11:13:09 INFO  ApacheHttpClient.sendEvent(527) - responseCode = 200
2020-09-01 11:13:09 INFO  ApacheHttpClient.sendEvent(527) - responseCode = 200
2020-09-01 11:13:09 INFO  ApacheHttpClient.sendEvent(527) - responseCode = 200
2020-09-01 11:13:09 INFO  ApacheHttpClient.sendEvent(527) - responseCode = 200
2020-09-01 11:13:09 INFO  ApacheHttpClient.sendEvent(527) - responseCode = 200
2020-09-01 11:13:09 INFO  ApacheHttpClient.sendEvent(527) - responseCode = 200
2020-09-01 11:13:09 INFO  ApacheHttpClient.sendEvent(527) - responseCode = 200
2020-09-01 11:13:09 INFO  ApacheHttpClient.sendEvent(527) - responseCode = 200
2020-09-01 11:13:09 INFO  ApacheHttpClient.sendEvent(527) - responseCode = 200
2020-09-01 11:13:09 INFO  ApacheHttpClient.sendEvent(527) - responseCode = 200
2020-09-01 11:13:10 INFO  ApacheHttpClient.sendEvent(527) - responseCode = 200
2020-09-01 11:13:10 INFO  ApacheHttpClient.sendEvent(527) - responseCode = 200
2020-09-01 11:13:10 INFO  ApacheHttpClient.sendEvent(527) - responseCode = 200
2020-09-01 11:13:10 INFO  ApacheHttpClient.sendEvent(527) - responseCode = 200
2020-09-01 11:13:10 INFO  ApacheHttpClient.sendEvent(527) - responseCode = 200
2020-09-01 11:13:10 INFO  ApacheHttpClient.sendEvent(527) - responseCode = 200
2020-09-01 11:13:10 INFO  ApacheHttpClient.sendEvent(527) - responseCode = 200
2020-09-01 11:13:10 INFO  ApacheHttpClient.sendEvent(527) - responseCode = 200
2020-09-01 11:13:10 INFO  ApacheHttpClient.sendEvent(527) - responseCode = 200
2020-09-01 11:13:10 INFO  ApacheHttpClient.sendEvent(527) - responseCode = 200
2020-09-01 11:13:10 INFO  ApacheHttpClient.sendEvent(527) - responseCode = 200
2020-09-01 11:13:10 INFO  ApacheHttpClient.sendEvent(527) - responseCode = 200
2020-09-01 11:13:10 INFO  ApacheHttpClient.sendEvent(527) - responseCode = 200
2020-09-01 11:13:10 INFO  ApacheHttpClient.sendEvent(527) - responseCode = 200
2020-09-01 11:13:10 INFO  ApacheHttpClient.sendEvent(527) - responseCode = 200
2020-09-01 11:13:10 INFO  ApacheHttpClient.sendEvent(527) - responseCode = 200
2020-09-01 11:13:10 INFO  ApacheHttpClient.sendEvent(527) - responseCode = 200
2020-09-01 11:13:10 INFO  ApacheHttpClient.sendEvent(527) - responseCode = 200
2020-09-01 11:13:10 INFO  ApacheHttpClient.sendEvent(527) - responseCode = 200
2020-09-01 11:13:11 INFO  ApacheHttpClient.sendEvent(527) - responseCode = 200
2020-09-01 11:13:11 INFO  ApacheHttpClient.sendEvent(527) - responseCode = 200
2020-09-01 11:13:11 INFO  ApacheHttpClient.sendEvent(527) - responseCode = 200
2020-09-01 11:13:11 INFO  ApacheHttpClient.sendEvent(527) - responseCode = 200
2020-09-01 11:13:11 INFO  ApacheHttpClient.sendEvent(527) - responseCode = 200
2020-09-01 11:13:11 INFO  ApacheHttpClient.sendEvent(527) - responseCode = 200
2020-09-01 11:13:11 INFO  ApacheHttpClient.sendEvent(527) - responseCode = 200
2020-09-01 11:13:11 INFO  ApacheHttpClient.sendEvent(527) - responseCode = 200
2020-09-01 11:13:11 INFO  ApacheHttpClient.sendEvent(527) - responseCode = 200
2020-09-01 11:13:11 INFO  ApacheHttpClient.sendEvent(527) - responseCode = 200
2020-09-01 11:13:11 INFO  ApacheHttpClient.sendEvent(527) - responseCode = 200
2020-09-01 11:13:11 INFO  ApacheHttpClient.sendEvent(527) - responseCode = 200
2020-09-01 11:13:11 INFO  ApacheHttpClient.sendEvent(527) - responseCode = 200
2020-09-01 11:13:11 INFO  ApacheHttpClient.sendEvent(527) - responseCode = 200
2020-09-01 11:13:11 INFO  ApacheHttpClient.sendEvent(527) - responseCode = 200
2020-09-01 11:13:11 INFO  ApacheHttpClient.sendEvent(527) - responseCode = 200
2020-09-01 11:13:11 INFO  ApacheHttpClient.sendEvent(527) - responseCode = 200
2020-09-01 11:13:11 INFO  ApacheHttpClient.sendEvent(527) - responseCode = 200
2020-09-01 11:13:11 INFO  ApacheHttpClient.sendEvent(527) - responseCode = 200
2020-09-01 11:13:11 INFO  ApacheHttpClient.sendEvent(527) - responseCode = 200
2020-09-01 11:13:12 INFO  ApacheHttpClient.sendEvent(527) - responseCode = 200
2020-09-01 11:13:12 INFO  ApacheHttpClient.sendEvent(527) - responseCode = 200
2020-09-01 11:13:12 INFO  ApacheHttpClient.sendEvent(527) - responseCode = 200
2020-09-01 11:13:12 INFO  ApacheHttpClient.sendEvent(527) - responseCode = 200
2020-09-01 11:13:12 INFO  ApacheHttpClient.sendEvent(527) - responseCode = 200
2020-09-01 11:13:12 INFO  ApacheHttpClient.sendEvent(527) - responseCode = 200
2020-09-01 11:13:12 INFO  ApacheHttpClient.sendEvent(527) - responseCode = 200
2020-09-01 11:13:12 INFO  ApacheHttpClient.sendEvent(527) - responseCode = 200
2020-09-01 11:13:12 INFO  ApacheHttpClient.sendEvent(527) - responseCode = 200
2020-09-01 11:13:12 INFO  ApacheHttpClient.sendEvent(527) - responseCode = 200
2020-09-01 11:13:12 INFO  ApacheHttpClient.sendEvent(527) - responseCode = 200
2020-09-01 11:13:12 INFO  ApacheHttpClient.sendEvent(527) - responseCode = 200
2020-09-01 11:13:12 INFO  ApacheHttpClient.sendEvent(527) - responseCode = 200
2020-09-01 11:13:12 INFO  ApacheHttpClient.sendEvent(527) - responseCode = 200
2020-09-01 11:13:12 INFO  ApacheHttpClient.sendEvent(527) - responseCode = 200
2020-09-01 11:13:12 INFO  ApacheHttpClient.sendEvent(527) - responseCode = 200
2020-09-01 11:13:12 INFO  ApacheHttpClient.sendEvent(527) - responseCode = 200
2020-09-01 11:13:12 INFO  ApacheHttpClient.sendEvent(527) - responseCode = 200
2020-09-01 11:13:12 INFO  ApacheHttpClient.sendEvent(527) - responseCode = 200
2020-09-01 11:13:13 INFO  ApacheHttpClient.sendEvent(527) - responseCode = 200
2020-09-01 11:13:13 INFO  ApacheHttpClient.sendEvent(527) - responseCode = 200
2020-09-01 11:13:13 INFO  ApacheHttpClient.sendEvent(527) - responseCode = 200
2020-09-01 11:13:13 INFO  ApacheHttpClient.sendEvent(527) - responseCode = 200
2020-09-01 11:13:13 INFO  ApacheHttpClient.sendEvent(527) - responseCode = 200
2020-09-01 11:13:13 INFO  ApacheHttpClient.sendEvent(527) - responseCode = 200
2020-09-01 11:13:13 INFO  ApacheHttpClient.sendEvent(527) - responseCode = 200
2020-09-01 11:13:13 INFO  ApacheHttpClient.sendEvent(527) - responseCode = 200
2020-09-01 11:13:13 INFO  ApacheHttpClient.sendEvent(527) - responseCode = 200
2020-09-01 11:13:13 INFO  ApacheHttpClient.sendEvent(527) - responseCode = 200
2020-09-01 11:13:13 INFO  ApacheHttpClient.sendEvent(527) - responseCode = 200
2020-09-01 11:13:13 INFO  ApacheHttpClient.sendEvent(527) - responseCode = 200
2020-09-01 11:13:13 INFO  ApacheHttpClient.sendEvent(527) - responseCode = 200
2020-09-01 11:13:13 INFO  ApacheHttpClient.sendEvent(527) - responseCode = 200
2020-09-01 11:13:13 INFO  ApacheHttpClient.sendEvent(527) - responseCode = 200
2020-09-01 11:13:13 INFO  ApacheHttpClient.sendEvent(527) - responseCode = 200
2020-09-01 11:13:13 INFO  ApacheHttpClient.sendEvent(527) - responseCode = 200
2020-09-01 11:13:14 INFO  ApacheHttpClient.sendEvent(527) - responseCode = 200
2020-09-01 11:13:14 INFO  ApacheHttpClient.sendEvent(527) - responseCode = 200
2020-09-01 11:13:14 INFO  ApacheHttpClient.sendEvent(527) - responseCode = 200
2020-09-01 11:13:14 INFO  ApacheHttpClient.sendEvent(527) - responseCode = 200
2020-09-01 11:13:14 INFO  ApacheHttpClient.sendEvent(527) - responseCode = 200
2020-09-01 11:13:14 INFO  ApacheHttpClient.sendEvent(527) - responseCode = 200
2020-09-01 11:13:14 INFO  ApacheHttpClient.sendEvent(527) - responseCode = 200
2020-09-01 11:13:14 INFO  ApacheHttpClient.sendEvent(527) - responseCode = 200
2020-09-01 11:13:14 INFO  ApacheHttpClient.sendEvent(527) - responseCode = 200
2020-09-01 11:13:14 INFO  ApacheHttpClient.sendEvent(527) - responseCode = 200
2020-09-01 11:13:14 INFO  ApacheHttpClient.sendEvent(527) - responseCode = 200
2020-09-01 11:13:14 INFO  ApacheHttpClient.sendEvent(527) - responseCode = 200
2020-09-01 11:13:14 INFO  ApacheHttpClient.sendEvent(527) - responseCode = 200
2020-09-01 11:13:14 INFO  ApacheHttpClient.sendEvent(527) - responseCode = 200
2020-09-01 11:13:14 INFO  ApacheHttpClient.sendEvent(527) - responseCode = 200
2020-09-01 11:13:14 INFO  ApacheHttpClient.sendEvent(527) - responseCode = 200
2020-09-01 11:13:15 INFO  ApacheHttpClient.sendEvent(527) - responseCode = 200
2020-09-01 11:13:15 INFO  ApacheHttpClient.sendEvent(527) - responseCode = 200
2020-09-01 11:13:15 INFO  ApacheHttpClient.sendEvent(527) - responseCode = 200
2020-09-01 11:13:15 INFO  ApacheHttpClient.sendEvent(527) - responseCode = 200
2020-09-01 11:13:15 INFO  ApacheHttpClient.sendEvent(527) - responseCode = 200
2020-09-01 11:13:15 INFO  ApacheHttpClient.sendEvent(527) - responseCode = 200
2020-09-01 11:13:15 INFO  ApacheHttpClient.sendEvent(527) - responseCode = 200
2020-09-01 11:13:15 INFO  ApacheHttpClient.sendEvent(527) - responseCode = 200
2020-09-01 11:13:15 INFO  ApacheHttpClient.sendEvent(527) - responseCode = 200
2020-09-01 11:13:15 INFO  ApacheHttpClient.sendEvent(527) - responseCode = 200
2020-09-01 11:13:15 INFO  ApacheHttpClient.sendEvent(527) - responseCode = 200
2020-09-01 11:13:15 INFO  ApacheHttpClient.sendEvent(527) - responseCode = 200
2020-09-01 11:13:15 INFO  ApacheHttpClient.sendEvent(527) - responseCode = 200
2020-09-01 11:13:15 INFO  ApacheHttpClient.sendEvent(527) - responseCode = 200
2020-09-01 11:13:15 INFO  ApacheHttpClient.sendEvent(527) - responseCode = 200
2020-09-01 11:13:15 INFO  ApacheHttpClient.sendEvent(527) - responseCode = 200
2020-09-01 11:13:15 INFO  ApacheHttpClient.sendEvent(527) - responseCode = 200
2020-09-01 11:13:15 INFO  ApacheHttpClient.sendEvent(527) - responseCode = 200
2020-09-01 11:13:15 INFO  ApacheHttpClient.sendEvent(527) - responseCode = 200
2020-09-01 11:13:15 INFO  ApacheHttpClient.sendEvent(527) - responseCode = 200
2020-09-01 11:13:16 INFO  ApacheHttpClient.sendEvent(527) - responseCode = 200
2020-09-01 11:13:16 INFO  ApacheHttpClient.sendEvent(527) - responseCode = 200
2020-09-01 11:13:16 INFO  ApacheHttpClient.sendEvent(527) - responseCode = 200
2020-09-01 11:13:16 INFO  ApacheHttpClient.sendEvent(527) - responseCode = 200
2020-09-01 11:13:16 INFO  ApacheHttpClient.sendEvent(527) - responseCode = 200
2020-09-01 11:13:16 INFO  ApacheHttpClient.sendEvent(527) - responseCode = 200
2020-09-01 11:13:16 INFO  ApacheHttpClient.sendEvent(527) - responseCode = 200
2020-09-01 11:13:16 INFO  ApacheHttpClient.sendEvent(527) - responseCode = 200
2020-09-01 11:13:16 INFO  ApacheHttpClient.sendEvent(527) - responseCode = 200
2020-09-01 11:13:16 INFO  ApacheHttpClient.sendEvent(527) - responseCode = 200
2020-09-01 11:13:16 INFO  ApacheHttpClient.sendEvent(527) - responseCode = 200
2020-09-01 11:13:16 INFO  ApacheHttpClient.sendEvent(527) - responseCode = 200
2020-09-01 11:13:16 INFO  ApacheHttpClient.sendEvent(527) - responseCode = 200
2020-09-01 11:13:16 INFO  ApacheHttpClient.sendEvent(527) - responseCode = 200
2020-09-01 11:13:16 INFO  ApacheHttpClient.sendEvent(527) - responseCode = 200
2020-09-01 11:13:16 INFO  ApacheHttpClient.sendEvent(527) - responseCode = 200
2020-09-01 11:13:16 INFO  ApacheHttpClient.sendEvent(527) - responseCode = 200
2020-09-01 11:13:16 INFO  ApacheHttpClient.sendEvent(527) - responseCode = 200
2020-09-01 11:13:16 INFO  ApacheHttpClient.sendEvent(527) - responseCode = 200
2020-09-01 11:13:16 INFO  ApacheHttpClient.sendEvent(527) - responseCode = 200
2020-09-01 11:13:17 INFO  ApacheHttpClient.sendEvent(527) - responseCode = 200
2020-09-01 11:13:17 INFO  ApacheHttpClient.sendEvent(527) - responseCode = 200
2020-09-01 11:13:17 INFO  ApacheHttpClient.sendEvent(527) - responseCode = 200
2020-09-01 11:13:17 INFO  ApacheHttpClient.sendEvent(527) - responseCode = 200
2020-09-01 11:13:17 INFO  ApacheHttpClient.sendEvent(527) - responseCode = 200
2020-09-01 11:13:17 INFO  ApacheHttpClient.sendEvent(527) - responseCode = 200
2020-09-01 11:13:17 INFO  ApacheHttpClient.sendEvent(527) - responseCode = 200
2020-09-01 11:13:17 INFO  ApacheHttpClient.sendEvent(527) - responseCode = 200
2020-09-01 11:13:17 INFO  ApacheHttpClient.sendEvent(527) - responseCode = 200
2020-09-01 11:13:17 INFO  ApacheHttpClient.sendEvent(527) - responseCode = 200
2020-09-01 11:13:17 INFO  ApacheHttpClient.sendEvent(527) - responseCode = 200
2020-09-01 11:13:17 INFO  ApacheHttpClient.sendEvent(527) - responseCode = 200
2020-09-01 11:13:17 INFO  ApacheHttpClient.sendEvent(527) - responseCode = 200
2020-09-01 11:13:17 INFO  ApacheHttpClient.sendEvent(527) - responseCode = 200
2020-09-01 11:13:17 INFO  ApacheHttpClient.sendEvent(527) - responseCode = 200
2020-09-01 11:13:17 INFO  ApacheHttpClient.sendEvent(527) - responseCode = 200
2020-09-01 11:13:17 INFO  ApacheHttpClient.sendEvent(527) - responseCode = 200
2020-09-01 11:13:17 INFO  ApacheHttpClient.sendEvent(527) - responseCode = 200
2020-09-01 11:13:17 INFO  ApacheHttpClient.sendEvent(527) - responseCode = 200
2020-09-01 11:13:17 INFO  ApacheHttpClient.sendEvent(527) - responseCode = 200
2020-09-01 11:13:18 INFO  ApacheHttpClient.sendEvent(527) - responseCode = 200
2020-09-01 11:13:18 INFO  ApacheHttpClient.sendEvent(527) - responseCode = 200
2020-09-01 11:13:18 INFO  ApacheHttpClient.sendEvent(527) - responseCode = 200
2020-09-01 11:13:18 INFO  ApacheHttpClient.sendEvent(527) - responseCode = 200
2020-09-01 11:13:18 INFO  ApacheHttpClient.sendEvent(527) - responseCode = 200
2020-09-01 11:13:18 INFO  ApacheHttpClient.sendEvent(527) - responseCode = 200
2020-09-01 11:13:18 INFO  ApacheHttpClient.sendEvent(527) - responseCode = 200
2020-09-01 11:13:18 INFO  ApacheHttpClient.sendEvent(527) - responseCode = 200
2020-09-01 11:13:18 INFO  ApacheHttpClient.sendEvent(527) - responseCode = 200
2020-09-01 11:13:18 INFO  ApacheHttpClient.sendEvent(527) - responseCode = 200
2020-09-01 11:13:18 INFO  ApacheHttpClient.sendEvent(527) - responseCode = 200
2020-09-01 11:13:18 INFO  ApacheHttpClient.sendEvent(527) - responseCode = 200
2020-09-01 11:13:18 INFO  ApacheHttpClient.sendEvent(527) - responseCode = 200
2020-09-01 11:13:18 INFO  ApacheHttpClient.sendEvent(527) - responseCode = 200
2020-09-01 11:13:18 INFO  ApacheHttpClient.sendEvent(527) - responseCode = 200
2020-09-01 11:13:18 INFO  ApacheHttpClient.sendEvent(527) - responseCode = 200
2020-09-01 11:13:18 INFO  ApacheHttpClient.sendEvent(527) - responseCode = 200
2020-09-01 11:13:18 INFO  ApacheHttpClient.sendEvent(527) - responseCode = 200
2020-09-01 11:13:18 INFO  ApacheHttpClient.sendEvent(527) - responseCode = 200
2020-09-01 11:13:18 INFO  ApacheHttpClient.sendEvent(527) - responseCode = 200
2020-09-01 11:13:19 INFO  ApacheHttpClient.sendEvent(527) - responseCode = 200
2020-09-01 11:13:19 INFO  ApacheHttpClient.sendEvent(527) - responseCode = 200
2020-09-01 11:13:19 INFO  ApacheHttpClient.sendEvent(527) - responseCode = 200
2020-09-01 11:13:19 INFO  ApacheHttpClient.sendEvent(527) - responseCode = 200
2020-09-01 11:13:19 INFO  ApacheHttpClient.sendEvent(527) - responseCode = 200
2020-09-01 11:13:19 INFO  ApacheHttpClient.sendEvent(527) - responseCode = 200
2020-09-01 11:13:19 INFO  ApacheHttpClient.sendEvent(527) - responseCode = 200
2020-09-01 11:13:19 INFO  ApacheHttpClient.sendEvent(527) - responseCode = 200
2020-09-01 11:13:19 INFO  ApacheHttpClient.sendEvent(527) - responseCode = 200
2020-09-01 11:13:19 INFO  ApacheHttpClient.sendEvent(527) - responseCode = 200
2020-09-01 11:13:19 INFO  ApacheHttpClient.sendEvent(527) - responseCode = 200
2020-09-01 11:13:19 INFO  ApacheHttpClient.sendEvent(527) - responseCode = 200
2020-09-01 11:13:19 INFO  ApacheHttpClient.sendEvent(527) - responseCode = 200
2020-09-01 11:13:19 INFO  ApacheHttpClient.sendEvent(527) - responseCode = 200
2020-09-01 11:13:19 INFO  ApacheHttpClient.sendEvent(527) - responseCode = 200
2020-09-01 11:13:19 INFO  ApacheHttpClient.sendEvent(527) - responseCode = 200
2020-09-01 11:13:19 INFO  ApacheHttpClient.sendEvent(527) - responseCode = 200
2020-09-01 11:13:19 INFO  ApacheHttpClient.sendEvent(527) - responseCode = 200
2020-09-01 11:13:19 INFO  ApacheHttpClient.sendEvent(527) - responseCode = 200
2020-09-01 11:13:19 INFO  ApacheHttpClient.sendEvent(527) - responseCode = 200
2020-09-01 11:13:20 INFO  ApacheHttpClient.sendEvent(527) - responseCode = 200
2020-09-01 11:13:20 INFO  ApacheHttpClient.sendEvent(527) - responseCode = 200
2020-09-01 11:13:20 INFO  ApacheHttpClient.sendEvent(527) - responseCode = 200
2020-09-01 11:13:20 INFO  ApacheHttpClient.sendEvent(527) - responseCode = 200
2020-09-01 11:13:20 INFO  ApacheHttpClient.sendEvent(527) - responseCode = 200
2020-09-01 11:13:20 INFO  ApacheHttpClient.sendEvent(527) - responseCode = 200
2020-09-01 11:13:20 INFO  ApacheHttpClient.sendEvent(527) - responseCode = 200
2020-09-01 11:13:20 INFO  ApacheHttpClient.sendEvent(527) - responseCode = 200
2020-09-01 11:13:20 INFO  ApacheHttpClient.sendEvent(527) - responseCode = 200
2020-09-01 11:13:20 INFO  ApacheHttpClient.sendEvent(527) - responseCode = 200
2020-09-01 11:13:20 INFO  ApacheHttpClient.sendEvent(527) - responseCode = 200
2020-09-01 11:13:20 INFO  ApacheHttpClient.sendEvent(527) - responseCode = 200
2020-09-01 11:13:20 INFO  ApacheHttpClient.sendEvent(527) - responseCode = 200
2020-09-01 11:13:20 INFO  ApacheHttpClient.sendEvent(527) - responseCode = 200
2020-09-01 11:13:20 INFO  ApacheHttpClient.sendEvent(527) - responseCode = 200
2020-09-01 11:13:20 INFO  ApacheHttpClient.sendEvent(527) - responseCode = 200
2020-09-01 11:13:20 INFO  ApacheHttpClient.sendEvent(527) - responseCode = 200
2020-09-01 11:13:20 INFO  ApacheHttpClient.sendEvent(527) - responseCode = 200
2020-09-01 11:13:20 INFO  ApacheHttpClient.sendEvent(527) - responseCode = 200
2020-09-01 11:13:20 INFO  ApacheHttpClient.sendEvent(527) - responseCode = 200
2020-09-01 11:13:21 INFO  ApacheHttpClient.sendEvent(527) - responseCode = 200
2020-09-01 11:13:21 INFO  ApacheHttpClient.sendEvent(527) - responseCode = 200
2020-09-01 11:13:21 INFO  ApacheHttpClient.sendEvent(527) - responseCode = 200
2020-09-01 11:13:21 INFO  ApacheHttpClient.sendEvent(527) - responseCode = 200
2020-09-01 11:13:21 INFO  ApacheHttpClient.sendEvent(527) - responseCode = 200
2020-09-01 11:13:21 INFO  ApacheHttpClient.sendEvent(527) - responseCode = 200
2020-09-01 11:13:21 INFO  ApacheHttpClient.sendEvent(527) - responseCode = 200
2020-09-01 11:13:21 INFO  ApacheHttpClient.sendEvent(527) - responseCode = 200
2020-09-01 11:13:21 INFO  ApacheHttpClient.sendEvent(527) - responseCode = 200
2020-09-01 11:13:21 INFO  ApacheHttpClient.sendEvent(527) - responseCode = 200
2020-09-01 11:13:21 INFO  ApacheHttpClient.sendEvent(527) - responseCode = 200
2020-09-01 11:13:21 INFO  ApacheHttpClient.sendEvent(527) - responseCode = 200
2020-09-01 11:13:21 INFO  ApacheHttpClient.sendEvent(527) - responseCode = 200
2020-09-01 11:13:21 INFO  ApacheHttpClient.sendEvent(527) - responseCode = 200
2020-09-01 11:13:21 INFO  ApacheHttpClient.sendEvent(527) - responseCode = 200
2020-09-01 11:13:21 INFO  ApacheHttpClient.sendEvent(527) - responseCode = 200
2020-09-01 11:13:21 INFO  ApacheHttpClient.sendEvent(527) - responseCode = 200
2020-09-01 11:13:21 INFO  ApacheHttpClient.sendEvent(527) - responseCode = 200
2020-09-01 11:13:21 INFO  ApacheHttpClient.sendEvent(527) - responseCode = 200
2020-09-01 11:13:22 INFO  ApacheHttpClient.sendEvent(527) - responseCode = 200
2020-09-01 11:13:22 INFO  ApacheHttpClient.sendEvent(527) - responseCode = 200
2020-09-01 11:13:22 INFO  ApacheHttpClient.sendEvent(527) - responseCode = 200
2020-09-01 11:13:22 INFO  ApacheHttpClient.sendEvent(527) - responseCode = 200
2020-09-01 11:13:22 INFO  ApacheHttpClient.sendEvent(527) - responseCode = 200
2020-09-01 11:13:22 INFO  ApacheHttpClient.sendEvent(527) - responseCode = 200
2020-09-01 11:13:22 INFO  ApacheHttpClient.sendEvent(527) - responseCode = 200
2020-09-01 11:13:22 INFO  ApacheHttpClient.sendEvent(527) - responseCode = 200
2020-09-01 11:13:22 INFO  ApacheHttpClient.sendEvent(527) - responseCode = 200
2020-09-01 11:13:22 INFO  ApacheHttpClient.sendEvent(527) - responseCode = 200
2020-09-01 11:13:22 INFO  ApacheHttpClient.sendEvent(527) - responseCode = 200
2020-09-01 11:13:22 INFO  ApacheHttpClient.sendEvent(527) - responseCode = 200
2020-09-01 11:13:22 INFO  ApacheHttpClient.sendEvent(527) - responseCode = 200
2020-09-01 11:13:22 INFO  ApacheHttpClient.sendEvent(527) - responseCode = 200
2020-09-01 11:13:22 INFO  ApacheHttpClient.sendEvent(527) - responseCode = 200
2020-09-01 11:13:22 INFO  ApacheHttpClient.sendEvent(527) - responseCode = 200
2020-09-01 11:13:22 INFO  ApacheHttpClient.sendEvent(527) - responseCode = 200
2020-09-01 11:13:22 INFO  ApacheHttpClient.sendEvent(527) - responseCode = 200
2020-09-01 11:13:22 INFO  ApacheHttpClient.sendEvent(527) - responseCode = 200
2020-09-01 11:13:23 INFO  ApacheHttpClient.sendEvent(527) - responseCode = 200
2020-09-01 11:13:23 INFO  ApacheHttpClient.sendEvent(527) - responseCode = 200
2020-09-01 11:13:23 INFO  ApacheHttpClient.sendEvent(527) - responseCode = 200
2020-09-01 11:13:23 INFO  ApacheHttpClient.sendEvent(527) - responseCode = 200
2020-09-01 11:13:23 INFO  ApacheHttpClient.sendEvent(527) - responseCode = 200
2020-09-01 11:13:23 INFO  ApacheHttpClient.sendEvent(527) - responseCode = 200
2020-09-01 11:13:23 INFO  ApacheHttpClient.sendEvent(527) - responseCode = 200
2020-09-01 11:13:23 INFO  ApacheHttpClient.sendEvent(527) - responseCode = 200
2020-09-01 11:13:23 INFO  ApacheHttpClient.sendEvent(527) - responseCode = 200
2020-09-01 11:13:23 INFO  ApacheHttpClient.sendEvent(527) - responseCode = 200
2020-09-01 11:13:23 INFO  ApacheHttpClient.sendEvent(527) - responseCode = 200
2020-09-01 11:13:24 INFO  ApacheHttpClient.sendEvent(527) - responseCode = 200
2020-09-01 11:13:24 INFO  ApacheHttpClient.sendEvent(527) - responseCode = 200
2020-09-01 11:13:24 INFO  ApacheHttpClient.sendEvent(527) - responseCode = 200
2020-09-01 11:13:24 INFO  ApacheHttpClient.sendEvent(527) - responseCode = 200
2020-09-01 11:13:24 INFO  ApacheHttpClient.sendEvent(527) - responseCode = 200
2020-09-01 11:13:24 INFO  ApacheHttpClient.sendEvent(527) - responseCode = 200
2020-09-01 11:13:24 INFO  ApacheHttpClient.sendEvent(527) - responseCode = 200
2020-09-01 11:13:24 INFO  ApacheHttpClient.sendEvent(527) - responseCode = 200
2020-09-01 11:13:24 INFO  ApacheHttpClient.sendEvent(527) - responseCode = 200
2020-09-01 11:13:24 INFO  ApacheHttpClient.sendEvent(527) - responseCode = 200
2020-09-01 11:13:24 INFO  ApacheHttpClient.sendEvent(527) - responseCode = 200
2020-09-01 11:13:24 INFO  ApacheHttpClient.sendEvent(527) - responseCode = 200
2020-09-01 11:13:24 INFO  ApacheHttpClient.sendEvent(527) - responseCode = 200
2020-09-01 11:13:24 INFO  ApacheHttpClient.sendEvent(527) - responseCode = 200
2020-09-01 11:13:24 INFO  ApacheHttpClient.sendEvent(527) - responseCode = 200
2020-09-01 11:13:24 INFO  ApacheHttpClient.sendEvent(527) - responseCode = 200
2020-09-01 11:13:24 INFO  ApacheHttpClient.sendEvent(527) - responseCode = 200
2020-09-01 11:13:24 INFO  ApacheHttpClient.sendEvent(527) - responseCode = 200
2020-09-01 11:13:25 INFO  ApacheHttpClient.sendEvent(527) - responseCode = 200
2020-09-01 11:13:25 INFO  ApacheHttpClient.sendEvent(527) - responseCode = 200
2020-09-01 11:13:25 INFO  ApacheHttpClient.sendEvent(527) - responseCode = 200
2020-09-01 11:13:25 INFO  ApacheHttpClient.sendEvent(527) - responseCode = 200
2020-09-01 11:13:25 INFO  ApacheHttpClient.sendEvent(527) - responseCode = 200
2020-09-01 11:13:25 INFO  ApacheHttpClient.sendEvent(527) - responseCode = 200
2020-09-01 11:13:25 INFO  ApacheHttpClient.sendEvent(527) - responseCode = 200
2020-09-01 11:13:25 INFO  ApacheHttpClient.sendEvent(527) - responseCode = 200
2020-09-01 11:13:25 INFO  ApacheHttpClient.sendEvent(527) - responseCode = 200
2020-09-01 11:13:25 INFO  ApacheHttpClient.sendEvent(527) - responseCode = 200
2020-09-01 11:13:25 INFO  ApacheHttpClient.sendEvent(527) - responseCode = 200
2020-09-01 11:13:25 INFO  ApacheHttpClient.sendEvent(527) - responseCode = 200
2020-09-01 11:13:25 INFO  ApacheHttpClient.sendEvent(527) - responseCode = 200
2020-09-01 11:13:25 INFO  ApacheHttpClient.sendEvent(527) - responseCode = 200
2020-09-01 11:13:25 INFO  ApacheHttpClient.sendEvent(527) - responseCode = 200
2020-09-01 11:13:25 INFO  ApacheHttpClient.sendEvent(527) - responseCode = 200
2020-09-01 11:13:25 INFO  ApacheHttpClient.sendEvent(527) - responseCode = 200
2020-09-01 11:13:25 INFO  ApacheHttpClient.sendEvent(527) - responseCode = 200
2020-09-01 11:13:25 INFO  ApacheHttpClient.sendEvent(527) - responseCode = 200
2020-09-01 11:13:25 INFO  ApacheHttpClient.sendEvent(527) - responseCode = 200
2020-09-01 11:13:26 INFO  ApacheHttpClient.sendEvent(527) - responseCode = 200
2020-09-01 11:13:26 INFO  ApacheHttpClient.sendEvent(527) - responseCode = 200
2020-09-01 11:13:26 INFO  ApacheHttpClient.sendEvent(527) - responseCode = 200
2020-09-01 11:13:26 INFO  ApacheHttpClient.sendEvent(527) - responseCode = 200
2020-09-01 11:13:26 INFO  ApacheHttpClient.sendEvent(527) - responseCode = 200
2020-09-01 11:13:26 INFO  ApacheHttpClient.sendEvent(527) - responseCode = 200
2020-09-01 11:13:26 INFO  ApacheHttpClient.sendEvent(527) - responseCode = 200
2020-09-01 11:13:26 INFO  ApacheHttpClient.sendEvent(527) - responseCode = 200
2020-09-01 11:13:26 INFO  ApacheHttpClient.sendEvent(527) - responseCode = 200
2020-09-01 11:13:26 INFO  ApacheHttpClient.sendEvent(527) - responseCode = 200
2020-09-01 11:13:26 INFO  ApacheHttpClient.sendEvent(527) - responseCode = 200
2020-09-01 11:13:26 INFO  ApacheHttpClient.sendEvent(527) - responseCode = 200
2020-09-01 11:13:26 INFO  ApacheHttpClient.sendEvent(527) - responseCode = 200
2020-09-01 11:13:26 INFO  ApacheHttpClient.sendEvent(527) - responseCode = 200
2020-09-01 11:13:26 INFO  ApacheHttpClient.sendEvent(527) - responseCode = 200
2020-09-01 11:13:26 INFO  ApacheHttpClient.sendEvent(527) - responseCode = 200
2020-09-01 11:13:26 INFO  ApacheHttpClient.sendEvent(527) - responseCode = 200
2020-09-01 11:13:26 INFO  ApacheHttpClient.sendEvent(527) - responseCode = 200
2020-09-01 11:13:26 INFO  ApacheHttpClient.sendEvent(527) - responseCode = 200
2020-09-01 11:13:26 INFO  ApacheHttpClient.sendEvent(527) - responseCode = 200
2020-09-01 11:13:27 INFO  ApacheHttpClient.sendEvent(527) - responseCode = 200
2020-09-01 11:13:27 INFO  ApacheHttpClient.sendEvent(527) - responseCode = 200
2020-09-01 11:13:27 INFO  ApacheHttpClient.sendEvent(527) - responseCode = 200
2020-09-01 11:13:27 INFO  ApacheHttpClient.sendEvent(527) - responseCode = 200
2020-09-01 11:13:27 INFO  ApacheHttpClient.sendEvent(527) - responseCode = 200
2020-09-01 11:13:27 INFO  ApacheHttpClient.sendEvent(527) - responseCode = 200
2020-09-01 11:13:27 INFO  ApacheHttpClient.sendEvent(527) - responseCode = 200
2020-09-01 11:13:27 INFO  ApacheHttpClient.sendEvent(527) - responseCode = 200
2020-09-01 11:13:27 INFO  ApacheHttpClient.sendEvent(527) - responseCode = 200
2020-09-01 11:13:27 INFO  ApacheHttpClient.sendEvent(527) - responseCode = 200
2020-09-01 11:13:27 INFO  ApacheHttpClient.sendEvent(527) - responseCode = 200
2020-09-01 11:13:27 INFO  ApacheHttpClient.sendEvent(527) - responseCode = 200
2020-09-01 11:13:27 INFO  ApacheHttpClient.sendEvent(527) - responseCode = 200
2020-09-01 11:13:27 INFO  ApacheHttpClient.sendEvent(527) - responseCode = 200
2020-09-01 11:13:27 INFO  ApacheHttpClient.sendEvent(527) - responseCode = 200
2020-09-01 11:13:28 INFO  ApacheHttpClient.sendEvent(527) - responseCode = 200
2020-09-01 11:13:28 INFO  ApacheHttpClient.sendEvent(527) - responseCode = 200
2020-09-01 11:13:28 INFO  ApacheHttpClient.sendEvent(527) - responseCode = 200
2020-09-01 11:13:28 INFO  ApacheHttpClient.sendEvent(527) - responseCode = 200
2020-09-01 11:13:28 INFO  ApacheHttpClient.sendEvent(527) - responseCode = 200
2020-09-01 11:13:28 INFO  ApacheHttpClient.sendEvent(527) - responseCode = 200
2020-09-01 11:13:28 INFO  ApacheHttpClient.sendEvent(527) - responseCode = 200
2020-09-01 11:13:28 INFO  ApacheHttpClient.sendEvent(527) - responseCode = 200
2020-09-01 11:13:28 INFO  ApacheHttpClient.sendEvent(527) - responseCode = 200
2020-09-01 11:13:28 INFO  ApacheHttpClient.sendEvent(527) - responseCode = 200
2020-09-01 11:13:28 INFO  ApacheHttpClient.sendEvent(527) - responseCode = 200
2020-09-01 11:13:28 INFO  ApacheHttpClient.sendEvent(527) - responseCode = 200
2020-09-01 11:13:28 INFO  ApacheHttpClient.sendEvent(527) - responseCode = 200
2020-09-01 11:13:28 INFO  ApacheHttpClient.sendEvent(527) - responseCode = 200
2020-09-01 11:13:28 INFO  ApacheHttpClient.sendEvent(527) - responseCode = 200
2020-09-01 11:13:28 INFO  ApacheHttpClient.sendEvent(527) - responseCode = 200
2020-09-01 11:13:28 INFO  ApacheHttpClient.sendEvent(527) - responseCode = 200
2020-09-01 11:13:29 INFO  ApacheHttpClient.sendEvent(527) - responseCode = 200
2020-09-01 11:13:29 INFO  ApacheHttpClient.sendEvent(527) - responseCode = 200
2020-09-01 11:13:29 INFO  ApacheHttpClient.sendEvent(527) - responseCode = 200
2020-09-01 11:13:29 INFO  ApacheHttpClient.sendEvent(527) - responseCode = 200
2020-09-01 11:13:29 INFO  ApacheHttpClient.sendEvent(527) - responseCode = 200
2020-09-01 11:13:29 INFO  ApacheHttpClient.sendEvent(527) - responseCode = 200
2020-09-01 11:13:29 INFO  ApacheHttpClient.sendEvent(527) - responseCode = 200
2020-09-01 11:13:29 INFO  ApacheHttpClient.sendEvent(527) - responseCode = 200
2020-09-01 11:13:29 INFO  ApacheHttpClient.sendEvent(527) - responseCode = 200
2020-09-01 11:13:29 INFO  ApacheHttpClient.sendEvent(527) - responseCode = 200
2020-09-01 11:13:29 INFO  ApacheHttpClient.sendEvent(527) - responseCode = 200
2020-09-01 11:13:29 INFO  ApacheHttpClient.sendEvent(527) - responseCode = 200
2020-09-01 11:13:29 INFO  ApacheHttpClient.sendEvent(527) - responseCode = 200
2020-09-01 11:13:29 INFO  ApacheHttpClient.sendEvent(527) - responseCode = 200
2020-09-01 11:13:29 INFO  ApacheHttpClient.sendEvent(527) - responseCode = 200
2020-09-01 11:13:29 INFO  ApacheHttpClient.sendEvent(527) - responseCode = 200
2020-09-01 11:13:29 INFO  ApacheHttpClient.sendEvent(527) - responseCode = 200
2020-09-01 11:13:29 INFO  ApacheHttpClient.sendEvent(527) - responseCode = 200
2020-09-01 11:13:29 INFO  ApacheHttpClient.sendEvent(527) - responseCode = 200
2020-09-01 11:13:30 INFO  ApacheHttpClient.sendEvent(527) - responseCode = 200
2020-09-01 11:13:30 INFO  ApacheHttpClient.sendEvent(527) - responseCode = 200
2020-09-01 11:13:30 INFO  ApacheHttpClient.sendEvent(527) - responseCode = 200
2020-09-01 11:13:30 INFO  ApacheHttpClient.sendEvent(527) - responseCode = 200
2020-09-01 11:13:30 INFO  ApacheHttpClient.sendEvent(527) - responseCode = 200
2020-09-01 11:13:30 INFO  ApacheHttpClient.sendEvent(527) - responseCode = 200
2020-09-01 11:13:30 INFO  ApacheHttpClient.sendEvent(527) - responseCode = 200
2020-09-01 11:13:30 INFO  ApacheHttpClient.sendEvent(527) - responseCode = 200
2020-09-01 11:13:30 INFO  ApacheHttpClient.sendEvent(527) - responseCode = 200
2020-09-01 11:13:30 INFO  ApacheHttpClient.sendEvent(527) - responseCode = 200
2020-09-01 11:13:30 INFO  ApacheHttpClient.sendEvent(527) - responseCode = 200
2020-09-01 11:13:30 INFO  ApacheHttpClient.sendEvent(527) - responseCode = 200
2020-09-01 11:13:30 INFO  ApacheHttpClient.sendEvent(527) - responseCode = 200
2020-09-01 11:13:30 INFO  ApacheHttpClient.sendEvent(527) - responseCode = 200
2020-09-01 11:13:30 INFO  ApacheHttpClient.sendEvent(527) - responseCode = 200
2020-09-01 11:13:30 INFO  ApacheHttpClient.sendEvent(527) - responseCode = 200
2020-09-01 11:13:30 INFO  ApacheHttpClient.sendEvent(527) - responseCode = 200
2020-09-01 11:13:30 INFO  ApacheHttpClient.sendEvent(527) - responseCode = 200
2020-09-01 11:13:30 INFO  ApacheHttpClient.sendEvent(527) - responseCode = 200
2020-09-01 11:13:30 INFO  ApacheHttpClient.sendEvent(527) - responseCode = 200
2020-09-01 11:13:31 INFO  ApacheHttpClient.sendEvent(527) - responseCode = 200
2020-09-01 11:13:31 INFO  ApacheHttpClient.sendEvent(527) - responseCode = 200
2020-09-01 11:13:31 INFO  ApacheHttpClient.sendEvent(527) - responseCode = 200
2020-09-01 11:13:31 INFO  ApacheHttpClient.sendEvent(527) - responseCode = 200
2020-09-01 11:13:31 INFO  ApacheHttpClient.sendEvent(527) - responseCode = 200
2020-09-01 11:13:31 INFO  ApacheHttpClient.sendEvent(527) - responseCode = 200
2020-09-01 11:13:31 INFO  ApacheHttpClient.sendEvent(527) - responseCode = 200
2020-09-01 11:13:31 INFO  ApacheHttpClient.sendEvent(527) - responseCode = 200
2020-09-01 11:13:31 INFO  ApacheHttpClient.sendEvent(527) - responseCode = 200
2020-09-01 11:13:31 INFO  ApacheHttpClient.sendEvent(527) - responseCode = 200
2020-09-01 11:13:31 INFO  ApacheHttpClient.sendEvent(527) - responseCode = 200
2020-09-01 11:13:31 INFO  ApacheHttpClient.sendEvent(527) - responseCode = 200
2020-09-01 11:13:31 INFO  ApacheHttpClient.sendEvent(527) - responseCode = 200
2020-09-01 11:13:31 INFO  ApacheHttpClient.sendEvent(527) - responseCode = 200
2020-09-01 11:13:31 INFO  ApacheHttpClient.sendEvent(527) - responseCode = 200
2020-09-01 11:13:31 INFO  ApacheHttpClient.sendEvent(527) - responseCode = 200
2020-09-01 11:13:31 INFO  ApacheHttpClient.sendEvent(527) - responseCode = 200
2020-09-01 11:13:31 INFO  ApacheHttpClient.sendEvent(527) - responseCode = 200
2020-09-01 11:13:31 INFO  ApacheHttpClient.sendEvent(527) - responseCode = 200
2020-09-01 11:13:31 INFO  ApacheHttpClient.sendEvent(527) - responseCode = 200
2020-09-01 11:13:32 INFO  ApacheHttpClient.sendEvent(527) - responseCode = 200
2020-09-01 11:13:32 INFO  ApacheHttpClient.sendEvent(527) - responseCode = 200
2020-09-01 11:13:32 INFO  ApacheHttpClient.sendEvent(527) - responseCode = 200
2020-09-01 11:13:32 INFO  ApacheHttpClient.sendEvent(527) - responseCode = 200
2020-09-01 11:13:32 INFO  ApacheHttpClient.sendEvent(527) - responseCode = 200
2020-09-01 11:13:32 INFO  ApacheHttpClient.sendEvent(527) - responseCode = 200
2020-09-01 11:13:32 INFO  ApacheHttpClient.sendEvent(527) - responseCode = 200
2020-09-01 11:13:32 INFO  ApacheHttpClient.sendEvent(527) - responseCode = 200
2020-09-01 11:13:32 INFO  ApacheHttpClient.sendEvent(527) - responseCode = 200
2020-09-01 11:13:32 INFO  ApacheHttpClient.sendEvent(527) - responseCode = 200
2020-09-01 11:13:32 INFO  ApacheHttpClient.sendEvent(527) - responseCode = 200
2020-09-01 11:13:32 INFO  ApacheHttpClient.sendEvent(527) - responseCode = 200
2020-09-01 11:13:32 INFO  ApacheHttpClient.sendEvent(527) - responseCode = 200
2020-09-01 11:13:32 INFO  ApacheHttpClient.sendEvent(527) - responseCode = 200
2020-09-01 11:13:32 INFO  ApacheHttpClient.sendEvent(527) - responseCode = 200
2020-09-01 11:13:32 INFO  ApacheHttpClient.sendEvent(527) - responseCode = 200
2020-09-01 11:13:32 INFO  ApacheHttpClient.sendEvent(527) - responseCode = 200
2020-09-01 11:13:32 INFO  ApacheHttpClient.sendEvent(527) - responseCode = 200
2020-09-01 11:13:32 INFO  ApacheHttpClient.sendEvent(527) - responseCode = 200
2020-09-01 11:13:32 INFO  ApacheHttpClient.sendEvent(527) - responseCode = 200
2020-09-01 11:13:33 INFO  ApacheHttpClient.sendEvent(527) - responseCode = 200
2020-09-01 11:13:33 INFO  ApacheHttpClient.sendEvent(527) - responseCode = 200
2020-09-01 11:13:33 INFO  ApacheHttpClient.sendEvent(527) - responseCode = 200
2020-09-01 11:13:33 INFO  ApacheHttpClient.sendEvent(527) - responseCode = 200
2020-09-01 11:13:33 INFO  ApacheHttpClient.sendEvent(527) - responseCode = 200
2020-09-01 11:13:33 INFO  ApacheHttpClient.sendEvent(527) - responseCode = 200
2020-09-01 11:13:33 INFO  ApacheHttpClient.sendEvent(527) - responseCode = 200
2020-09-01 11:13:33 INFO  ApacheHttpClient.sendEvent(527) - responseCode = 200
2020-09-01 11:13:33 INFO  ApacheHttpClient.sendEvent(527) - responseCode = 200
2020-09-01 11:13:33 INFO  ApacheHttpClient.sendEvent(527) - responseCode = 200
2020-09-01 11:13:33 INFO  ApacheHttpClient.sendEvent(527) - responseCode = 200
2020-09-01 11:13:33 INFO  ApacheHttpClient.sendEvent(527) - responseCode = 200
2020-09-01 11:13:33 INFO  ApacheHttpClient.sendEvent(527) - responseCode = 200
2020-09-01 11:13:33 INFO  ApacheHttpClient.sendEvent(527) - responseCode = 200
2020-09-01 11:13:33 INFO  ApacheHttpClient.sendEvent(527) - responseCode = 200
2020-09-01 11:13:33 INFO  ApacheHttpClient.sendEvent(527) - responseCode = 200
2020-09-01 11:13:33 INFO  ApacheHttpClient.sendEvent(527) - responseCode = 200
2020-09-01 11:13:33 INFO  ApacheHttpClient.sendEvent(527) - responseCode = 200
2020-09-01 11:13:33 INFO  ApacheHttpClient.sendEvent(527) - responseCode = 200
2020-09-01 11:13:33 INFO  ApacheHttpClient.sendEvent(527) - responseCode = 200
2020-09-01 11:13:34 INFO  ApacheHttpClient.sendEvent(527) - responseCode = 200
2020-09-01 11:13:34 INFO  ApacheHttpClient.sendEvent(527) - responseCode = 200
2020-09-01 11:13:34 INFO  ApacheHttpClient.sendEvent(527) - responseCode = 200
2020-09-01 11:13:34 INFO  ApacheHttpClient.sendEvent(527) - responseCode = 200
2020-09-01 11:13:34 INFO  ApacheHttpClient.sendEvent(527) - responseCode = 200
2020-09-01 11:13:34 INFO  ApacheHttpClient.sendEvent(527) - responseCode = 200
2020-09-01 11:13:34 INFO  ApacheHttpClient.sendEvent(527) - responseCode = 200
2020-09-01 11:13:34 INFO  ApacheHttpClient.sendEvent(527) - responseCode = 200
2020-09-01 11:13:34 INFO  ApacheHttpClient.sendEvent(527) - responseCode = 200
2020-09-01 11:13:34 INFO  ApacheHttpClient.sendEvent(527) - responseCode = 200
2020-09-01 11:13:34 INFO  ApacheHttpClient.sendEvent(527) - responseCode = 200
2020-09-01 11:13:34 INFO  ApacheHttpClient.sendEvent(527) - responseCode = 200
2020-09-01 11:13:34 INFO  ApacheHttpClient.sendEvent(527) - responseCode = 200
2020-09-01 11:13:34 INFO  ApacheHttpClient.sendEvent(527) - responseCode = 200
2020-09-01 11:13:34 INFO  ApacheHttpClient.sendEvent(527) - responseCode = 200
2020-09-01 11:13:34 INFO  ApacheHttpClient.sendEvent(527) - responseCode = 200
2020-09-01 11:13:34 INFO  ApacheHttpClient.sendEvent(527) - responseCode = 200
2020-09-01 11:13:34 INFO  ApacheHttpClient.sendEvent(527) - responseCode = 200
2020-09-01 11:13:34 INFO  ApacheHttpClient.sendEvent(527) - responseCode = 200
2020-09-01 11:13:34 INFO  ApacheHttpClient.sendEvent(527) - responseCode = 200
2020-09-01 11:13:34 INFO  ApacheHttpClient.sendEvent(527) - responseCode = 200
2020-09-01 11:13:35 INFO  ApacheHttpClient.sendEvent(527) - responseCode = 200
2020-09-01 11:13:35 INFO  ApacheHttpClient.sendEvent(527) - responseCode = 200
2020-09-01 11:13:35 INFO  ApacheHttpClient.sendEvent(527) - responseCode = 200
2020-09-01 11:13:35 INFO  ApacheHttpClient.sendEvent(527) - responseCode = 200
2020-09-01 11:13:35 INFO  ApacheHttpClient.sendEvent(527) - responseCode = 200
2020-09-01 11:13:35 INFO  ApacheHttpClient.sendEvent(527) - responseCode = 200
2020-09-01 11:13:35 INFO  ApacheHttpClient.sendEvent(527) - responseCode = 200
2020-09-01 11:13:35 INFO  ApacheHttpClient.sendEvent(527) - responseCode = 200
2020-09-01 11:13:35 INFO  ApacheHttpClient.sendEvent(527) - responseCode = 200
2020-09-01 11:13:35 INFO  ApacheHttpClient.sendEvent(527) - responseCode = 200
2020-09-01 11:13:35 INFO  ApacheHttpClient.sendEvent(527) - responseCode = 200
2020-09-01 11:13:35 INFO  ApacheHttpClient.sendEvent(527) - responseCode = 200
2020-09-01 11:13:35 INFO  ApacheHttpClient.sendEvent(527) - responseCode = 200
2020-09-01 11:13:35 INFO  ApacheHttpClient.sendEvent(527) - responseCode = 200
2020-09-01 11:13:35 INFO  ApacheHttpClient.sendEvent(527) - responseCode = 200
2020-09-01 11:13:35 INFO  ApacheHttpClient.sendEvent(527) - responseCode = 200
2020-09-01 11:13:35 INFO  ApacheHttpClient.sendEvent(527) - responseCode = 200
2020-09-01 11:13:35 INFO  ApacheHttpClient.sendEvent(527) - responseCode = 200
2020-09-01 11:13:35 INFO  ApacheHttpClient.sendEvent(527) - responseCode = 200
2020-09-01 11:13:36 INFO  ApacheHttpClient.sendEvent(527) - responseCode = 200
2020-09-01 11:13:36 INFO  ApacheHttpClient.sendEvent(527) - responseCode = 200
2020-09-01 11:13:36 INFO  ApacheHttpClient.sendEvent(527) - responseCode = 200
2020-09-01 11:13:36 INFO  ApacheHttpClient.sendEvent(527) - responseCode = 200
2020-09-01 11:13:36 INFO  ApacheHttpClient.sendEvent(527) - responseCode = 200
2020-09-01 11:13:36 INFO  ApacheHttpClient.sendEvent(527) - responseCode = 200
2020-09-01 11:13:36 INFO  ApacheHttpClient.sendEvent(527) - responseCode = 200
2020-09-01 11:13:36 INFO  ApacheHttpClient.sendEvent(527) - responseCode = 200
2020-09-01 11:13:36 INFO  ApacheHttpClient.sendEvent(527) - responseCode = 200
2020-09-01 11:13:36 INFO  ApacheHttpClient.sendEvent(527) - responseCode = 200
2020-09-01 11:13:36 INFO  ApacheHttpClient.sendEvent(527) - responseCode = 200
2020-09-01 11:13:36 INFO  ApacheHttpClient.sendEvent(527) - responseCode = 200
2020-09-01 11:13:36 INFO  ApacheHttpClient.sendEvent(527) - responseCode = 200
2020-09-01 11:13:36 INFO  ApacheHttpClient.sendEvent(527) - responseCode = 200
2020-09-01 11:13:36 INFO  ApacheHttpClient.sendEvent(527) - responseCode = 200
2020-09-01 11:13:36 INFO  ApacheHttpClient.sendEvent(527) - responseCode = 200
2020-09-01 11:13:36 INFO  ApacheHttpClient.sendEvent(527) - responseCode = 200
2020-09-01 11:13:36 INFO  ApacheHttpClient.sendEvent(527) - responseCode = 200
2020-09-01 11:13:36 INFO  ApacheHttpClient.sendEvent(527) - responseCode = 200
2020-09-01 11:13:36 INFO  ApacheHttpClient.sendEvent(527) - responseCode = 200
2020-09-01 11:13:36 INFO  ApacheHttpClient.sendEvent(527) - responseCode = 200
2020-09-01 11:13:37 INFO  ApacheHttpClient.sendEvent(527) - responseCode = 200
2020-09-01 11:13:37 INFO  ApacheHttpClient.sendEvent(527) - responseCode = 200
2020-09-01 11:13:37 INFO  ApacheHttpClient.sendEvent(527) - responseCode = 200
2020-09-01 11:13:37 INFO  ApacheHttpClient.sendEvent(527) - responseCode = 200
2020-09-01 11:13:37 INFO  ApacheHttpClient.sendEvent(527) - responseCode = 200
2020-09-01 11:13:37 INFO  ApacheHttpClient.sendEvent(527) - responseCode = 200
2020-09-01 11:13:37 INFO  ApacheHttpClient.sendEvent(527) - responseCode = 200
2020-09-01 11:13:37 INFO  ApacheHttpClient.sendEvent(527) - responseCode = 200
2020-09-01 11:13:37 INFO  ApacheHttpClient.sendEvent(527) - responseCode = 200
2020-09-01 11:13:37 INFO  ApacheHttpClient.sendEvent(527) - responseCode = 200
2020-09-01 11:13:37 INFO  ApacheHttpClient.sendEvent(527) - responseCode = 200
2020-09-01 11:13:37 INFO  ApacheHttpClient.sendEvent(527) - responseCode = 200
2020-09-01 11:13:37 INFO  ApacheHttpClient.sendEvent(527) - responseCode = 200
2020-09-01 11:13:37 INFO  ApacheHttpClient.sendEvent(527) - responseCode = 200
2020-09-01 11:13:37 INFO  ApacheHttpClient.sendEvent(527) - responseCode = 200
2020-09-01 11:13:37 INFO  ApacheHttpClient.sendEvent(527) - responseCode = 200
2020-09-01 11:13:37 INFO  ApacheHttpClient.sendEvent(527) - responseCode = 200
2020-09-01 11:13:37 INFO  ApacheHttpClient.sendEvent(527) - responseCode = 200
2020-09-01 11:13:37 INFO  ApacheHttpClient.sendEvent(527) - responseCode = 200
2020-09-01 11:13:37 INFO  ApacheHttpClient.sendEvent(527) - responseCode = 200
2020-09-01 11:13:38 INFO  ApacheHttpClient.sendEvent(527) - responseCode = 200
2020-09-01 11:13:38 INFO  ApacheHttpClient.sendEvent(527) - responseCode = 200
2020-09-01 11:13:38 INFO  ApacheHttpClient.sendEvent(527) - responseCode = 200
2020-09-01 11:13:38 INFO  ApacheHttpClient.sendEvent(527) - responseCode = 200
2020-09-01 11:13:38 INFO  ApacheHttpClient.sendEvent(527) - responseCode = 200
2020-09-01 11:13:38 INFO  ApacheHttpClient.sendEvent(527) - responseCode = 200
2020-09-01 11:13:38 INFO  ApacheHttpClient.sendEvent(527) - responseCode = 200
2020-09-01 11:13:38 INFO  ApacheHttpClient.sendEvent(527) - responseCode = 200
2020-09-01 11:13:38 INFO  ApacheHttpClient.sendEvent(527) - responseCode = 200
2020-09-01 11:13:38 INFO  ApacheHttpClient.sendEvent(527) - responseCode = 200
2020-09-01 11:13:38 INFO  ApacheHttpClient.sendEvent(527) - responseCode = 200
2020-09-01 11:13:38 INFO  ApacheHttpClient.sendEvent(527) - responseCode = 200
2020-09-01 11:13:38 INFO  ApacheHttpClient.sendEvent(527) - responseCode = 200
2020-09-01 11:13:38 INFO  ApacheHttpClient.sendEvent(527) - responseCode = 200
2020-09-01 11:13:38 INFO  ApacheHttpClient.sendEvent(527) - responseCode = 200
2020-09-01 11:13:38 INFO  ApacheHttpClient.sendEvent(527) - responseCode = 200
2020-09-01 11:13:38 INFO  ApacheHttpClient.sendEvent(527) - responseCode = 200
2020-09-01 11:13:38 INFO  ApacheHttpClient.sendEvent(527) - responseCode = 200
2020-09-01 11:13:38 INFO  ApacheHttpClient.sendEvent(527) - responseCode = 200
2020-09-01 11:13:38 INFO  ApacheHttpClient.sendEvent(527) - responseCode = 200
2020-09-01 11:13:39 INFO  ApacheHttpClient.sendEvent(527) - responseCode = 200
2020-09-01 11:13:39 INFO  ApacheHttpClient.sendEvent(527) - responseCode = 200
2020-09-01 11:13:39 INFO  ApacheHttpClient.sendEvent(527) - responseCode = 200
2020-09-01 11:14:36 INFO  ApacheHttpClient.sendEvent(527) - responseCode = 200
2020-09-01 11:15:36 INFO  ApacheHttpClient.sendEvent(527) - responseCode = 200
2020-09-01 11:16:36 INFO  ApacheHttpClient.sendEvent(527) - responseCode = 200
2020-09-01 11:17:36 INFO  ApacheHttpClient.sendEvent(527) - responseCode = 200
2020-09-01 11:18:36 INFO  ApacheHttpClient.sendEvent(527) - responseCode = 200
2020-09-01 11:19:36 INFO  ApacheHttpClient.sendEvent(527) - responseCode = 200
2020-09-01 11:20:36 INFO  ApacheHttpClient.sendEvent(527) - responseCode = 200
2020-09-01 11:21:36 INFO  ApacheHttpClient.sendEvent(527) - responseCode = 200
2020-09-01 11:22:36 INFO  ApacheHttpClient.sendEvent(527) - responseCode = 200
2020-09-01 11:23:36 INFO  ApacheHttpClient.sendEvent(527) - responseCode = 200
2020-09-01 11:24:36 INFO  ApacheHttpClient.sendEvent(527) - responseCode = 200
2020-09-01 11:25:36 INFO  ApacheHttpClient.sendEvent(527) - responseCode = 200
2020-09-01 11:26:36 INFO  ApacheHttpClient.sendEvent(527) - responseCode = 200
2020-09-01 11:27:36 INFO  ApacheHttpClient.sendEvent(527) - responseCode = 200
2020-09-01 11:28:36 INFO  ApacheHttpClient.sendEvent(527) - responseCode = 200
2020-09-01 11:29:36 INFO  ApacheHttpClient.sendEvent(527) - responseCode = 200
2020-09-01 11:30:36 INFO  ApacheHttpClient.sendEvent(527) - responseCode = 200
2020-09-01 11:31:36 INFO  ApacheHttpClient.sendEvent(527) - responseCode = 200
2020-09-01 11:32:36 INFO  ApacheHttpClient.sendEvent(527) - responseCode = 200
2020-09-01 11:33:36 INFO  ApacheHttpClient.sendEvent(527) - responseCode = 200
2020-09-01 11:34:36 INFO  ApacheHttpClient.sendEvent(527) - responseCode = 200
2020-09-01 11:35:36 INFO  ApacheHttpClient.sendEvent(527) - responseCode = 200
2020-09-01 11:36:36 INFO  ApacheHttpClient.sendEvent(527) - responseCode = 200
2020-09-01 11:37:36 INFO  ApacheHttpClient.sendEvent(527) - responseCode = 200
2020-09-01 11:38:36 INFO  ApacheHttpClient.sendEvent(527) - responseCode = 200
2020-09-01 11:39:36 INFO  ApacheHttpClient.sendEvent(527) - responseCode = 200
2020-09-01 11:40:36 INFO  ApacheHttpClient.sendEvent(527) - responseCode = 200
2020-09-01 11:41:36 INFO  ApacheHttpClient.sendEvent(527) - responseCode = 200
2020-09-01 11:42:36 INFO  ApacheHttpClient.sendEvent(527) - responseCode = 200
2020-09-01 11:43:36 INFO  ApacheHttpClient.sendEvent(527) - responseCode = 200
2020-09-01 11:44:36 INFO  ApacheHttpClient.sendEvent(527) - responseCode = 200
2020-09-01 11:45:36 INFO  ApacheHttpClient.sendEvent(527) - responseCode = 200
2020-09-01 11:46:36 INFO  ApacheHttpClient.sendEvent(527) - responseCode = 200
2020-09-01 11:47:36 INFO  ApacheHttpClient.sendEvent(527) - responseCode = 200
2020-09-01 11:48:36 INFO  ApacheHttpClient.sendEvent(527) - responseCode = 200
2020-09-01 11:49:36 INFO  ApacheHttpClient.sendEvent(527) - responseCode = 200
2020-09-01 11:50:36 INFO  ApacheHttpClient.sendEvent(527) - responseCode = 200
2020-09-01 11:51:36 INFO  ApacheHttpClient.sendEvent(527) - responseCode = 200
2020-09-01 11:52:36 INFO  ApacheHttpClient.sendEvent(527) - responseCode = 200
2020-09-01 11:53:36 INFO  ApacheHttpClient.sendEvent(527) - responseCode = 200
2020-09-01 11:54:36 INFO  ApacheHttpClient.sendEvent(527) - responseCode = 200
2020-09-01 11:55:36 INFO  ApacheHttpClient.sendEvent(527) - responseCode = 200
2020-09-01 11:56:36 INFO  ApacheHttpClient.sendEvent(527) - responseCode = 200
2020-09-01 11:57:36 INFO  ApacheHttpClient.sendEvent(527) - responseCode = 200
2020-09-01 11:58:36 INFO  ApacheHttpClient.sendEvent(527) - responseCode = 200
2020-09-01 11:59:36 INFO  ApacheHttpClient.sendEvent(527) - responseCode = 200
2020-09-01 12:00:36 INFO  ApacheHttpClient.sendEvent(527) - responseCode = 200
2020-09-01 12:01:36 INFO  ApacheHttpClient.sendEvent(527) - responseCode = 200
2020-09-01 12:02:36 INFO  ApacheHttpClient.sendEvent(527) - responseCode = 200
2020-09-01 12:03:36 INFO  ApacheHttpClient.sendEvent(527) - responseCode = 200
2020-09-01 12:04:36 INFO  ApacheHttpClient.sendEvent(527) - responseCode = 200
2020-09-01 12:05:36 INFO  ApacheHttpClient.sendEvent(527) - responseCode = 200
2020-09-01 12:06:36 INFO  ApacheHttpClient.sendEvent(527) - responseCode = 200
2020-09-01 12:07:36 INFO  ApacheHttpClient.sendEvent(527) - responseCode = 200
2020-09-01 12:08:36 INFO  ApacheHttpClient.sendEvent(527) - responseCode = 200
2020-09-01 12:09:36 INFO  ApacheHttpClient.sendEvent(527) - responseCode = 200
2020-09-01 12:10:36 INFO  ApacheHttpClient.sendEvent(527) - responseCode = 200
2020-09-01 12:11:36 INFO  ApacheHttpClient.sendEvent(527) - responseCode = 200
2020-09-01 12:12:36 INFO  ApacheHttpClient.sendEvent(527) - responseCode = 200
2020-09-01 12:13:36 INFO  ApacheHttpClient.sendEvent(527) - responseCode = 200
2020-09-01 12:14:36 INFO  ApacheHttpClient.sendEvent(527) - responseCode = 200
2020-09-01 12:15:36 INFO  ApacheHttpClient.sendEvent(527) - responseCode = 200
2020-09-01 12:16:36 INFO  ApacheHttpClient.sendEvent(527) - responseCode = 200
2020-09-01 12:17:36 INFO  ApacheHttpClient.sendEvent(527) - responseCode = 200
2020-09-01 12:18:36 INFO  ApacheHttpClient.sendEvent(527) - responseCode = 200
2020-09-01 12:19:36 INFO  ApacheHttpClient.sendEvent(527) - responseCode = 200
2020-09-01 12:20:36 INFO  ApacheHttpClient.sendEvent(527) - responseCode = 200
2020-09-01 12:21:36 INFO  ApacheHttpClient.sendEvent(527) - responseCode = 200
2020-09-01 12:22:36 INFO  ApacheHttpClient.sendEvent(527) - responseCode = 200
2020-09-01 12:23:36 INFO  ApacheHttpClient.sendEvent(527) - responseCode = 200
2020-09-01 12:24:36 INFO  ApacheHttpClient.sendEvent(527) - responseCode = 200
2020-09-01 12:25:36 INFO  ApacheHttpClient.sendEvent(527) - responseCode = 200
2020-09-01 12:26:36 INFO  ApacheHttpClient.sendEvent(527) - responseCode = 200
2020-09-01 12:27:36 INFO  ApacheHttpClient.sendEvent(527) - responseCode = 200
2020-09-01 12:28:36 INFO  ApacheHttpClient.sendEvent(527) - responseCode = 200
2020-09-01 12:29:36 INFO  ApacheHttpClient.sendEvent(527) - responseCode = 200
2020-09-01 12:30:36 INFO  ApacheHttpClient.sendEvent(527) - responseCode = 200
2020-09-01 12:31:36 INFO  ApacheHttpClient.sendEvent(527) - responseCode = 200
2020-09-01 12:32:36 INFO  ApacheHttpClient.sendEvent(527) - responseCode = 200
2020-09-01 12:33:36 INFO  ApacheHttpClient.sendEvent(527) - responseCode = 200
2020-09-01 12:34:36 INFO  ApacheHttpClient.sendEvent(527) - responseCode = 200
2020-09-01 12:35:36 INFO  ApacheHttpClient.sendEvent(527) - responseCode = 200
2020-09-01 12:36:36 INFO  ApacheHttpClient.sendEvent(527) - responseCode = 200
2020-09-01 12:37:36 INFO  ApacheHttpClient.sendEvent(527) - responseCode = 200
2020-09-01 12:38:36 INFO  ApacheHttpClient.sendEvent(527) - responseCode = 200
2020-09-01 12:39:36 INFO  ApacheHttpClient.sendEvent(527) - responseCode = 200
2020-09-01 12:40:36 INFO  ApacheHttpClient.sendEvent(527) - responseCode = 200
2020-09-01 12:41:36 INFO  ApacheHttpClient.sendEvent(527) - responseCode = 200
2020-09-01 12:42:36 INFO  ApacheHttpClient.sendEvent(527) - responseCode = 200
2020-09-01 12:43:36 INFO  ApacheHttpClient.sendEvent(527) - responseCode = 200
2020-09-01 12:44:36 INFO  ApacheHttpClient.sendEvent(527) - responseCode = 200
2020-09-01 12:45:36 INFO  ApacheHttpClient.sendEvent(527) - responseCode = 200
2020-09-01 12:46:36 INFO  ApacheHttpClient.sendEvent(527) - responseCode = 200
2020-09-01 12:47:36 INFO  ApacheHttpClient.sendEvent(527) - responseCode = 200
2020-09-01 12:48:36 INFO  ApacheHttpClient.sendEvent(527) - responseCode = 200
2020-09-01 12:49:36 INFO  ApacheHttpClient.sendEvent(527) - responseCode = 200
2020-09-01 12:50:36 INFO  ApacheHttpClient.sendEvent(527) - responseCode = 200
2020-09-01 12:51:36 INFO  ApacheHttpClient.sendEvent(527) - responseCode = 200
2020-09-01 12:52:36 INFO  ApacheHttpClient.sendEvent(527) - responseCode = 200
2020-09-01 12:53:36 INFO  ApacheHttpClient.sendEvent(527) - responseCode = 200
2020-09-01 12:54:36 INFO  ApacheHttpClient.sendEvent(527) - responseCode = 200
2020-09-01 12:55:36 INFO  ApacheHttpClient.sendEvent(527) - responseCode = 200
2020-09-01 12:56:36 INFO  ApacheHttpClient.sendEvent(527) - responseCode = 200
2020-09-01 12:57:36 INFO  ApacheHttpClient.sendEvent(527) - responseCode = 200
2020-09-01 12:58:36 INFO  ApacheHttpClient.sendEvent(527) - responseCode = 200
2020-09-01 12:59:36 INFO  ApacheHttpClient.sendEvent(527) - responseCode = 200
2020-09-01 13:00:36 INFO  ApacheHttpClient.sendEvent(527) - responseCode = 200
2020-09-01 13:01:36 INFO  ApacheHttpClient.sendEvent(527) - responseCode = 200
2020-09-01 13:02:36 INFO  ApacheHttpClient.sendEvent(527) - responseCode = 200
2020-09-01 13:03:36 INFO  ApacheHttpClient.sendEvent(527) - responseCode = 200
2020-09-01 13:04:36 INFO  ApacheHttpClient.sendEvent(527) - responseCode = 200
2020-09-01 13:05:36 INFO  ApacheHttpClient.sendEvent(527) - responseCode = 200
2020-09-01 13:06:36 INFO  ApacheHttpClient.sendEvent(527) - responseCode = 200
2020-09-01 13:07:36 INFO  ApacheHttpClient.sendEvent(527) - responseCode = 200
2020-09-01 13:08:36 INFO  ApacheHttpClient.sendEvent(527) - responseCode = 200
2020-09-01 13:09:36 INFO  ApacheHttpClient.sendEvent(527) - responseCode = 200
2020-09-01 13:10:36 INFO  ApacheHttpClient.sendEvent(527) - responseCode = 200
2020-09-01 13:11:36 INFO  ApacheHttpClient.sendEvent(527) - responseCode = 200
2020-09-01 13:12:36 INFO  ApacheHttpClient.sendEvent(527) - responseCode = 200
2020-09-01 13:13:36 INFO  ApacheHttpClient.sendEvent(527) - responseCode = 200
2020-09-01 13:14:36 INFO  ApacheHttpClient.sendEvent(527) - responseCode = 200
2020-09-01 13:15:36 INFO  ApacheHttpClient.sendEvent(527) - responseCode = 200
2020-09-01 13:16:36 INFO  ApacheHttpClient.sendEvent(527) - responseCode = 200
2020-09-01 13:17:36 INFO  ApacheHttpClient.sendEvent(527) - responseCode = 200
2020-09-01 13:18:36 INFO  ApacheHttpClient.sendEvent(527) - responseCode = 200
2020-09-01 13:19:36 INFO  ApacheHttpClient.sendEvent(527) - responseCode = 200
2020-09-01 13:20:36 INFO  ApacheHttpClient.sendEvent(527) - responseCode = 200
2020-09-01 13:21:36 INFO  ApacheHttpClient.sendEvent(527) - responseCode = 200
2020-09-01 13:22:36 INFO  ApacheHttpClient.sendEvent(527) - responseCode = 200
2020-09-01 13:23:36 INFO  ApacheHttpClient.sendEvent(527) - responseCode = 200
2020-09-01 13:24:36 INFO  ApacheHttpClient.sendEvent(527) - responseCode = 200
2020-09-01 13:25:36 INFO  ApacheHttpClient.sendEvent(527) - responseCode = 200
2020-09-01 13:26:36 INFO  ApacheHttpClient.sendEvent(527) - responseCode = 200
2020-09-01 13:27:36 INFO  ApacheHttpClient.sendEvent(527) - responseCode = 200
2020-09-01 13:28:36 INFO  ApacheHttpClient.sendEvent(527) - responseCode = 200
2020-09-01 13:29:36 INFO  ApacheHttpClient.sendEvent(527) - responseCode = 200
2020-09-01 13:30:36 INFO  ApacheHttpClient.sendEvent(527) - responseCode = 200
2020-09-01 13:31:36 INFO  ApacheHttpClient.sendEvent(527) - responseCode = 200
2020-09-01 13:32:36 INFO  ApacheHttpClient.sendEvent(527) - responseCode = 200
2020-09-01 13:33:36 INFO  ApacheHttpClient.sendEvent(527) - responseCode = 200
2020-09-01 13:34:36 INFO  ApacheHttpClient.sendEvent(527) - responseCode = 200
2020-09-01 13:35:36 INFO  ApacheHttpClient.sendEvent(527) - responseCode = 200
2020-09-01 13:36:36 INFO  ApacheHttpClient.sendEvent(527) - responseCode = 200
2020-09-01 13:37:36 INFO  ApacheHttpClient.sendEvent(527) - responseCode = 200
2020-09-01 13:38:36 INFO  ApacheHttpClient.sendEvent(527) - responseCode = 200
2020-09-01 13:39:36 INFO  ApacheHttpClient.sendEvent(527) - responseCode = 200
2020-09-01 13:40:36 INFO  ApacheHttpClient.sendEvent(527) - responseCode = 200
2020-09-01 13:41:36 INFO  ApacheHttpClient.sendEvent(527) - responseCode = 200
2020-09-01 13:42:36 INFO  ApacheHttpClient.sendEvent(527) - responseCode = 200
2020-09-01 13:43:36 INFO  ApacheHttpClient.sendEvent(527) - responseCode = 200
2020-09-01 13:44:36 INFO  ApacheHttpClient.sendEvent(527) - responseCode = 200
2020-09-01 13:45:36 INFO  ApacheHttpClient.sendEvent(527) - responseCode = 200
2020-09-01 13:46:36 INFO  ApacheHttpClient.sendEvent(527) - responseCode = 200
2020-09-01 13:47:36 INFO  ApacheHttpClient.sendEvent(527) - responseCode = 200
2020-09-01 13:48:36 INFO  ApacheHttpClient.sendEvent(527) - responseCode = 200
2020-09-01 13:49:36 INFO  ApacheHttpClient.sendEvent(527) - responseCode = 200
2020-09-01 13:50:36 INFO  ApacheHttpClient.sendEvent(527) - responseCode = 200
2020-09-01 13:51:36 INFO  ApacheHttpClient.sendEvent(527) - responseCode = 200
2020-09-01 13:52:36 INFO  ApacheHttpClient.sendEvent(527) - responseCode = 200
2020-09-01 13:53:36 INFO  ApacheHttpClient.sendEvent(527) - responseCode = 200
2020-09-01 13:54:36 INFO  ApacheHttpClient.sendEvent(527) - responseCode = 200
2020-09-01 13:55:36 INFO  ApacheHttpClient.sendEvent(527) - responseCode = 200
2020-09-01 13:56:36 INFO  ApacheHttpClient.sendEvent(527) - responseCode = 200
2020-09-01 13:57:36 INFO  ApacheHttpClient.sendEvent(527) - responseCode = 200
2020-09-01 13:58:36 INFO  ApacheHttpClient.sendEvent(527) - responseCode = 200
2020-09-01 13:59:36 INFO  ApacheHttpClient.sendEvent(527) - responseCode = 200
2020-09-01 14:00:36 INFO  ApacheHttpClient.sendEvent(527) - responseCode = 200
2020-09-01 14:01:36 INFO  ApacheHttpClient.sendEvent(527) - responseCode = 200
2020-09-01 14:02:36 INFO  ApacheHttpClient.sendEvent(527) - responseCode = 200
2020-09-01 14:03:36 INFO  ApacheHttpClient.sendEvent(527) - responseCode = 200
2020-09-01 14:04:36 INFO  ApacheHttpClient.sendEvent(527) - responseCode = 200
2020-09-01 14:05:36 INFO  ApacheHttpClient.sendEvent(527) - responseCode = 200
2020-09-01 14:06:36 INFO  ApacheHttpClient.sendEvent(527) - responseCode = 200
2020-09-01 14:07:36 INFO  ApacheHttpClient.sendEvent(527) - responseCode = 200
2020-09-01 14:08:36 INFO  ApacheHttpClient.sendEvent(527) - responseCode = 200
2020-09-01 14:09:36 INFO  ApacheHttpClient.sendEvent(527) - responseCode = 200
2020-09-01 14:10:36 INFO  ApacheHttpClient.sendEvent(527) - responseCode = 200
2020-09-01 14:11:36 INFO  ApacheHttpClient.sendEvent(527) - responseCode = 200
2020-09-01 14:12:36 INFO  ApacheHttpClient.sendEvent(527) - responseCode = 200
2020-09-01 14:13:36 INFO  ApacheHttpClient.sendEvent(527) - responseCode = 200
2020-09-01 14:14:36 INFO  ApacheHttpClient.sendEvent(527) - responseCode = 200
2020-09-01 14:15:36 INFO  ApacheHttpClient.sendEvent(527) - responseCode = 200
2020-09-01 14:16:36 INFO  ApacheHttpClient.sendEvent(527) - responseCode = 200
2020-09-01 14:17:36 INFO  ApacheHttpClient.sendEvent(527) - responseCode = 200
2020-09-01 14:18:36 INFO  ApacheHttpClient.sendEvent(527) - responseCode = 200
2020-09-01 14:19:36 INFO  ApacheHttpClient.sendEvent(527) - responseCode = 200
2020-09-01 14:20:36 INFO  ApacheHttpClient.sendEvent(527) - responseCode = 200
2020-09-01 14:21:36 INFO  ApacheHttpClient.sendEvent(527) - responseCode = 200
2020-09-01 14:22:36 INFO  ApacheHttpClient.sendEvent(527) - responseCode = 200
2020-09-01 14:23:36 INFO  ApacheHttpClient.sendEvent(527) - responseCode = 200
2020-09-01 14:24:36 INFO  ApacheHttpClient.sendEvent(527) - responseCode = 200
2020-09-01 14:25:36 INFO  ApacheHttpClient.sendEvent(527) - responseCode = 200
2020-09-01 14:26:36 INFO  ApacheHttpClient.sendEvent(527) - responseCode = 200
2020-09-01 14:27:36 INFO  ApacheHttpClient.sendEvent(527) - responseCode = 200
2020-09-01 14:28:36 INFO  ApacheHttpClient.sendEvent(527) - responseCode = 200
2020-09-01 14:29:36 INFO  ApacheHttpClient.sendEvent(527) - responseCode = 200
2020-09-01 14:30:36 INFO  ApacheHttpClient.sendEvent(527) - responseCode = 200
2020-09-01 14:31:36 INFO  ApacheHttpClient.sendEvent(527) - responseCode = 200
2020-09-01 14:32:36 INFO  ApacheHttpClient.sendEvent(527) - responseCode = 200
2020-09-01 14:33:36 INFO  ApacheHttpClient.sendEvent(527) - responseCode = 200
2020-09-01 14:34:36 INFO  ApacheHttpClient.sendEvent(527) - responseCode = 200
2020-09-01 14:35:36 INFO  ApacheHttpClient.sendEvent(527) - responseCode = 200
2020-09-01 14:36:36 INFO  ApacheHttpClient.sendEvent(527) - responseCode = 200
2020-09-01 14:37:36 INFO  ApacheHttpClient.sendEvent(527) - responseCode = 200
2020-09-01 14:38:36 INFO  ApacheHttpClient.sendEvent(527) - responseCode = 200
2020-09-01 14:39:36 INFO  ApacheHttpClient.sendEvent(527) - responseCode = 200
2020-09-01 14:40:36 INFO  ApacheHttpClient.sendEvent(527) - responseCode = 200
2020-09-01 14:41:36 INFO  ApacheHttpClient.sendEvent(527) - responseCode = 200
2020-09-01 14:42:36 INFO  ApacheHttpClient.sendEvent(527) - responseCode = 200
2020-09-01 14:43:36 INFO  ApacheHttpClient.sendEvent(527) - responseCode = 200
2020-09-01 14:44:36 INFO  ApacheHttpClient.sendEvent(527) - responseCode = 200
2020-09-01 14:45:36 INFO  ApacheHttpClient.sendEvent(527) - responseCode = 200
2020-09-01 14:46:36 INFO  ApacheHttpClient.sendEvent(527) - responseCode = 200
2020-09-01 14:47:36 INFO  ApacheHttpClient.sendEvent(527) - responseCode = 200
2020-09-01 14:48:36 INFO  ApacheHttpClient.sendEvent(527) - responseCode = 200
2020-09-01 14:49:36 INFO  ApacheHttpClient.sendEvent(527) - responseCode = 200
2020-09-01 14:50:36 INFO  ApacheHttpClient.sendEvent(527) - responseCode = 200
2020-09-01 14:51:36 INFO  ApacheHttpClient.sendEvent(527) - responseCode = 200
2020-09-01 14:52:36 INFO  ApacheHttpClient.sendEvent(527) - responseCode = 200
2020-09-01 14:53:36 INFO  ApacheHttpClient.sendEvent(527) - responseCode = 200
2020-09-01 14:54:36 INFO  ApacheHttpClient.sendEvent(527) - responseCode = 200
2020-09-01 14:55:36 INFO  ApacheHttpClient.sendEvent(527) - responseCode = 200
2020-09-01 14:56:36 INFO  ApacheHttpClient.sendEvent(527) - responseCode = 200
2020-09-01 14:57:36 INFO  ApacheHttpClient.sendEvent(527) - responseCode = 200
2020-09-01 14:58:36 INFO  ApacheHttpClient.sendEvent(527) - responseCode = 200
2020-09-01 14:59:36 INFO  ApacheHttpClient.sendEvent(527) - responseCode = 200
2020-09-01 15:00:36 INFO  ApacheHttpClient.sendEvent(527) - responseCode = 200
2020-09-01 15:01:36 INFO  ApacheHttpClient.sendEvent(527) - responseCode = 200
2020-09-01 15:02:36 INFO  ApacheHttpClient.sendEvent(527) - responseCode = 200
2020-09-01 15:03:36 INFO  ApacheHttpClient.sendEvent(527) - responseCode = 200
2020-09-01 15:04:36 INFO  ApacheHttpClient.sendEvent(527) - responseCode = 200
2020-09-01 15:05:36 INFO  ApacheHttpClient.sendEvent(527) - responseCode = 200
2020-09-01 15:06:36 INFO  ApacheHttpClient.sendEvent(527) - responseCode = 200
2020-09-01 15:07:36 INFO  ApacheHttpClient.sendEvent(527) - responseCode = 200
2020-09-01 15:08:36 INFO  ApacheHttpClient.sendEvent(527) - responseCode = 200
2020-09-01 15:09:36 INFO  ApacheHttpClient.sendEvent(527) - responseCode = 200
2020-09-01 15:10:36 INFO  ApacheHttpClient.sendEvent(527) - responseCode = 200
2020-09-01 15:11:36 INFO  ApacheHttpClient.sendEvent(527) - responseCode = 200
2020-09-01 15:12:36 INFO  ApacheHttpClient.sendEvent(527) - responseCode = 200
2020-09-01 15:13:36 INFO  ApacheHttpClient.sendEvent(527) - responseCode = 200
2020-09-01 15:14:36 INFO  ApacheHttpClient.sendEvent(527) - responseCode = 200
2020-09-01 15:15:36 INFO  ApacheHttpClient.sendEvent(527) - responseCode = 200
2020-09-01 15:16:36 INFO  ApacheHttpClient.sendEvent(527) - responseCode = 200
2020-09-01 15:17:36 INFO  ApacheHttpClient.sendEvent(527) - responseCode = 200
2020-09-01 15:18:36 INFO  ApacheHttpClient.sendEvent(527) - responseCode = 200
2020-09-01 15:19:36 INFO  ApacheHttpClient.sendEvent(527) - responseCode = 200
2020-09-01 15:20:36 INFO  ApacheHttpClient.sendEvent(527) - responseCode = 200
2020-09-01 15:21:36 INFO  ApacheHttpClient.sendEvent(527) - responseCode = 200
2020-09-01 15:22:36 INFO  ApacheHttpClient.sendEvent(527) - responseCode = 200
2020-09-01 15:23:36 INFO  ApacheHttpClient.sendEvent(527) - responseCode = 200
2020-09-01 15:24:36 INFO  ApacheHttpClient.sendEvent(527) - responseCode = 200
2020-09-01 15:25:36 INFO  ApacheHttpClient.sendEvent(527) - responseCode = 200
2020-09-01 15:26:36 INFO  ApacheHttpClient.sendEvent(527) - responseCode = 200
2020-09-01 15:27:36 INFO  ApacheHttpClient.sendEvent(527) - responseCode = 200
2020-09-01 15:28:36 INFO  ApacheHttpClient.sendEvent(527) - responseCode = 200
2020-09-01 15:29:36 INFO  ApacheHttpClient.sendEvent(527) - responseCode = 200
2020-09-01 15:30:36 INFO  ApacheHttpClient.sendEvent(527) - responseCode = 200
2020-09-01 15:31:36 INFO  ApacheHttpClient.sendEvent(527) - responseCode = 200
2020-09-01 15:32:36 INFO  ApacheHttpClient.sendEvent(527) - responseCode = 200
2020-09-01 15:33:36 INFO  ApacheHttpClient.sendEvent(527) - responseCode = 200
2020-09-01 15:34:36 INFO  ApacheHttpClient.sendEvent(527) - responseCode = 200
2020-09-01 15:35:36 INFO  ApacheHttpClient.sendEvent(527) - responseCode = 200
2020-09-01 15:36:36 INFO  ApacheHttpClient.sendEvent(527) - responseCode = 200
2020-09-01 15:37:36 INFO  ApacheHttpClient.sendEvent(527) - responseCode = 200
2020-09-01 15:38:36 INFO  ApacheHttpClient.sendEvent(527) - responseCode = 200
2020-09-01 15:39:36 INFO  ApacheHttpClient.sendEvent(527) - responseCode = 200
2020-09-01 15:40:36 INFO  ApacheHttpClient.sendEvent(527) - responseCode = 200
2020-09-01 15:41:36 INFO  ApacheHttpClient.sendEvent(527) - responseCode = 200
2020-09-01 15:42:36 INFO  ApacheHttpClient.sendEvent(527) - responseCode = 200
2020-09-01 15:43:36 INFO  ApacheHttpClient.sendEvent(527) - responseCode = 200
2020-09-01 15:44:36 INFO  ApacheHttpClient.sendEvent(527) - responseCode = 200
2020-09-01 15:45:36 INFO  ApacheHttpClient.sendEvent(527) - responseCode = 200
2020-09-01 15:46:36 INFO  ApacheHttpClient.sendEvent(527) - responseCode = 200
2020-09-01 15:47:36 INFO  ApacheHttpClient.sendEvent(527) - responseCode = 200
2020-09-01 15:48:36 INFO  ApacheHttpClient.sendEvent(527) - responseCode = 200
2020-09-01 15:49:36 INFO  ApacheHttpClient.sendEvent(527) - responseCode = 200
2020-09-01 15:50:36 INFO  ApacheHttpClient.sendEvent(527) - responseCode = 200
2020-09-01 15:51:36 INFO  ApacheHttpClient.sendEvent(527) - responseCode = 200
2020-09-01 15:52:36 INFO  ApacheHttpClient.sendEvent(527) - responseCode = 200
2020-09-01 15:53:36 INFO  ApacheHttpClient.sendEvent(527) - responseCode = 200
2020-09-01 15:54:36 INFO  ApacheHttpClient.sendEvent(527) - responseCode = 200
2020-09-01 15:55:36 INFO  ApacheHttpClient.sendEvent(527) - responseCode = 200
2020-09-01 15:56:36 INFO  ApacheHttpClient.sendEvent(527) - responseCode = 200
2020-09-01 15:57:36 INFO  ApacheHttpClient.sendEvent(527) - responseCode = 200
2020-09-01 15:58:36 INFO  ApacheHttpClient.sendEvent(527) - responseCode = 200
2020-09-01 15:59:36 INFO  ApacheHttpClient.sendEvent(527) - responseCode = 200
2020-09-01 16:00:36 INFO  ApacheHttpClient.sendEvent(527) - responseCode = 200
2020-09-01 16:01:36 INFO  ApacheHttpClient.sendEvent(527) - responseCode = 200
2020-09-01 16:02:36 INFO  ApacheHttpClient.sendEvent(527) - responseCode = 200
2020-09-01 16:03:36 INFO  ApacheHttpClient.sendEvent(527) - responseCode = 200
2020-09-01 16:04:36 INFO  ApacheHttpClient.sendEvent(527) - responseCode = 200
2020-09-01 16:05:36 INFO  ApacheHttpClient.sendEvent(527) - responseCode = 200
2020-09-01 16:06:36 INFO  ApacheHttpClient.sendEvent(527) - responseCode = 200
2020-09-01 16:07:36 INFO  ApacheHttpClient.sendEvent(527) - responseCode = 200
2020-09-01 16:08:36 INFO  ApacheHttpClient.sendEvent(527) - responseCode = 200
2020-09-01 16:09:36 INFO  ApacheHttpClient.sendEvent(527) - responseCode = 200
2020-09-01 16:10:36 INFO  ApacheHttpClient.sendEvent(527) - responseCode = 200
2020-09-01 16:11:36 INFO  ApacheHttpClient.sendEvent(527) - responseCode = 200
2020-09-01 16:12:36 INFO  ApacheHttpClient.sendEvent(527) - responseCode = 200
2020-09-01 16:13:36 INFO  ApacheHttpClient.sendEvent(527) - responseCode = 200
2020-09-01 16:14:36 INFO  ApacheHttpClient.sendEvent(527) - responseCode = 200
2020-09-01 16:15:36 INFO  ApacheHttpClient.sendEvent(527) - responseCode = 200
2020-09-01 16:16:36 INFO  ApacheHttpClient.sendEvent(527) - responseCode = 200
2020-09-01 16:17:36 INFO  ApacheHttpClient.sendEvent(527) - responseCode = 200
2020-09-01 16:18:36 INFO  ApacheHttpClient.sendEvent(527) - responseCode = 200
2020-09-01 16:19:36 INFO  ApacheHttpClient.sendEvent(527) - responseCode = 200
2020-09-01 16:20:36 INFO  ApacheHttpClient.sendEvent(527) - responseCode = 200
2020-09-01 16:21:36 INFO  ApacheHttpClient.sendEvent(527) - responseCode = 200
2020-09-01 16:22:36 INFO  ApacheHttpClient.sendEvent(527) - responseCode = 200
2020-09-01 16:23:36 INFO  ApacheHttpClient.sendEvent(527) - responseCode = 200
2020-09-01 16:24:36 INFO  ApacheHttpClient.sendEvent(527) - responseCode = 200
2020-09-01 16:25:36 INFO  ApacheHttpClient.sendEvent(527) - responseCode = 200
2020-09-01 16:26:36 INFO  ApacheHttpClient.sendEvent(527) - responseCode = 200
2020-09-01 16:27:36 INFO  ApacheHttpClient.sendEvent(527) - responseCode = 200
2020-09-01 16:28:36 INFO  ApacheHttpClient.sendEvent(527) - responseCode = 200
2020-09-01 16:29:36 INFO  ApacheHttpClient.sendEvent(527) - responseCode = 200
2020-09-01 16:30:36 INFO  ApacheHttpClient.sendEvent(527) - responseCode = 200
2020-09-01 16:31:36 INFO  ApacheHttpClient.sendEvent(527) - responseCode = 200
2020-09-01 16:32:36 INFO  ApacheHttpClient.sendEvent(527) - responseCode = 200
2020-09-01 16:33:36 INFO  ApacheHttpClient.sendEvent(527) - responseCode = 200
2020-09-01 16:34:36 INFO  ApacheHttpClient.sendEvent(527) - responseCode = 200
2020-09-01 16:35:36 INFO  ApacheHttpClient.sendEvent(527) - responseCode = 200
2020-09-01 16:36:36 INFO  ApacheHttpClient.sendEvent(527) - responseCode = 200
2020-09-01 16:37:36 INFO  ApacheHttpClient.sendEvent(527) - responseCode = 200
2020-09-01 16:38:36 INFO  ApacheHttpClient.sendEvent(527) - responseCode = 200
2020-09-01 16:39:36 INFO  ApacheHttpClient.sendEvent(527) - responseCode = 200
2020-09-01 16:40:36 INFO  ApacheHttpClient.sendEvent(527) - responseCode = 200
2020-09-01 16:41:36 INFO  ApacheHttpClient.sendEvent(527) - responseCode = 200
2020-09-01 16:42:36 INFO  ApacheHttpClient.sendEvent(527) - responseCode = 200
2020-09-01 16:43:36 INFO  ApacheHttpClient.sendEvent(527) - responseCode = 200
2020-09-01 16:44:36 INFO  ApacheHttpClient.sendEvent(527) - responseCode = 200
2020-09-01 16:45:36 INFO  ApacheHttpClient.sendEvent(527) - responseCode = 200
2020-09-01 16:46:36 INFO  ApacheHttpClient.sendEvent(527) - responseCode = 200
2020-09-01 16:47:36 INFO  ApacheHttpClient.sendEvent(527) - responseCode = 200
2020-09-01 16:48:36 INFO  ApacheHttpClient.sendEvent(527) - responseCode = 200
2020-09-01 16:49:36 INFO  ApacheHttpClient.sendEvent(527) - responseCode = 200
2020-09-01 16:50:36 INFO  ApacheHttpClient.sendEvent(527) - responseCode = 200
2020-09-01 16:51:36 INFO  ApacheHttpClient.sendEvent(527) - responseCode = 200
2020-09-01 16:52:36 INFO  ApacheHttpClient.sendEvent(527) - responseCode = 200
2020-09-01 16:53:36 INFO  ApacheHttpClient.sendEvent(527) - responseCode = 200
2020-09-01 16:54:36 INFO  ApacheHttpClient.sendEvent(527) - responseCode = 200
2020-09-01 16:55:36 INFO  ApacheHttpClient.sendEvent(527) - responseCode = 200
2020-09-01 16:56:36 INFO  ApacheHttpClient.sendEvent(527) - responseCode = 200
2020-09-01 16:57:36 INFO  ApacheHttpClient.sendEvent(527) - responseCode = 200
2020-09-01 16:58:36 INFO  ApacheHttpClient.sendEvent(527) - responseCode = 200
2020-09-01 16:59:36 INFO  ApacheHttpClient.sendEvent(527) - responseCode = 200
2020-09-01 17:00:36 INFO  ApacheHttpClient.sendEvent(527) - responseCode = 200
2020-09-01 17:01:36 INFO  ApacheHttpClient.sendEvent(527) - responseCode = 200
2020-09-01 17:02:36 INFO  ApacheHttpClient.sendEvent(527) - responseCode = 200
2020-09-01 17:03:36 INFO  ApacheHttpClient.sendEvent(527) - responseCode = 200
2020-09-01 17:04:36 INFO  ApacheHttpClient.sendEvent(527) - responseCode = 200
2020-09-01 17:05:36 INFO  ApacheHttpClient.sendEvent(527) - responseCode = 200
2020-09-01 17:06:36 INFO  ApacheHttpClient.sendEvent(527) - responseCode = 200
2020-09-01 17:07:36 INFO  ApacheHttpClient.sendEvent(527) - responseCode = 200
2020-09-01 17:08:36 INFO  ApacheHttpClient.sendEvent(527) - responseCode = 200
2020-09-01 17:09:36 INFO  ApacheHttpClient.sendEvent(527) - responseCode = 200
2020-09-01 17:10:36 INFO  ApacheHttpClient.sendEvent(527) - responseCode = 200
2020-09-01 17:11:36 INFO  ApacheHttpClient.sendEvent(527) - responseCode = 200
2020-09-01 17:12:36 INFO  ApacheHttpClient.sendEvent(527) - responseCode = 200
2020-09-01 17:13:36 INFO  ApacheHttpClient.sendEvent(527) - responseCode = 200
2020-09-01 17:14:36 INFO  ApacheHttpClient.sendEvent(527) - responseCode = 200
2020-09-01 17:15:36 INFO  ApacheHttpClient.sendEvent(527) - responseCode = 200
2020-09-01 17:16:36 INFO  ApacheHttpClient.sendEvent(527) - responseCode = 200
2020-09-01 17:17:36 INFO  ApacheHttpClient.sendEvent(527) - responseCode = 200
2020-09-01 17:18:36 INFO  ApacheHttpClient.sendEvent(527) - responseCode = 200
2020-09-01 17:19:36 INFO  ApacheHttpClient.sendEvent(527) - responseCode = 200
2020-09-01 17:20:36 INFO  ApacheHttpClient.sendEvent(527) - responseCode = 200
2020-09-01 17:21:36 INFO  ApacheHttpClient.sendEvent(527) - responseCode = 200
2020-09-01 17:22:36 INFO  ApacheHttpClient.sendEvent(527) - responseCode = 200
2020-09-01 17:23:36 INFO  ApacheHttpClient.sendEvent(527) - responseCode = 200
2020-09-01 17:24:36 INFO  ApacheHttpClient.sendEvent(527) - responseCode = 200
2020-09-01 17:25:36 INFO  ApacheHttpClient.sendEvent(527) - responseCode = 200
2020-09-01 17:26:36 INFO  ApacheHttpClient.sendEvent(527) - responseCode = 200
2020-09-01 17:27:36 INFO  ApacheHttpClient.sendEvent(527) - responseCode = 200
2020-09-01 17:28:36 INFO  ApacheHttpClient.sendEvent(527) - responseCode = 200
2020-09-01 17:29:36 INFO  ApacheHttpClient.sendEvent(527) - responseCode = 200
2020-09-01 17:30:36 INFO  ApacheHttpClient.sendEvent(527) - responseCode = 200
2020-09-01 17:31:36 INFO  ApacheHttpClient.sendEvent(527) - responseCode = 200
2020-09-01 17:32:36 INFO  ApacheHttpClient.sendEvent(527) - responseCode = 200
2020-09-01 17:33:36 INFO  ApacheHttpClient.sendEvent(527) - responseCode = 200
2020-09-01 17:34:36 INFO  ApacheHttpClient.sendEvent(527) - responseCode = 200
2020-09-01 17:35:36 INFO  ApacheHttpClient.sendEvent(527) - responseCode = 200
2020-09-01 17:36:36 INFO  ApacheHttpClient.sendEvent(527) - responseCode = 200
2020-09-01 17:37:36 INFO  ApacheHttpClient.sendEvent(527) - responseCode = 200
2020-09-01 17:38:36 INFO  ApacheHttpClient.sendEvent(527) - responseCode = 200
2020-09-01 17:39:36 INFO  ApacheHttpClient.sendEvent(527) - responseCode = 200
2020-09-01 17:40:36 INFO  ApacheHttpClient.sendEvent(527) - responseCode = 200
2020-09-01 17:41:36 INFO  ApacheHttpClient.sendEvent(527) - responseCode = 200
2020-09-01 17:42:36 INFO  ApacheHttpClient.sendEvent(527) - responseCode = 200
2020-09-01 17:43:36 INFO  ApacheHttpClient.sendEvent(527) - responseCode = 200
2020-09-01 17:44:36 INFO  ApacheHttpClient.sendEvent(527) - responseCode = 200
2020-09-01 17:45:36 INFO  ApacheHttpClient.sendEvent(527) - responseCode = 200
2020-09-01 17:46:36 INFO  ApacheHttpClient.sendEvent(527) - responseCode = 200
2020-09-01 17:47:36 INFO  ApacheHttpClient.sendEvent(527) - responseCode = 200
2020-09-01 17:48:36 INFO  ApacheHttpClient.sendEvent(527) - responseCode = 200
2020-09-01 17:49:36 INFO  ApacheHttpClient.sendEvent(527) - responseCode = 200
2020-09-01 17:50:19 INFO  PluginTasksProjectComponent.projectClosing(188) - ---------- Project closed ----------

2020-09-01 17:50:19 INFO  ApacheHttpClient.getTask(480) - responseCode = 200
